[14-Mar-2025 05:00:39 UTC] PHP Warning:  PHP Startup: Unable to load dynamic library 'php_imagick.dll' (tried: C:/Users/Default.LAPTOP-10891MC3/AppData/Roaming/Local/lightning-services/php-8.2.23+0/bin/win64/ext\php_imagick.dll (The specified module could not be found), C:/Users/Default.LAPTOP-10891MC3/AppData/Roaming/Local/lightning-services/php-8.2.23+0/bin/win64/ext\php_php_imagick.dll.dll (The specified module could not be found)) in Unknown on line 0
[26-Mar-2025 02:55:09 UTC] PHP Warning:  PHP Startup: Unable to load dynamic library 'php_imagick.dll' (tried: C:/Users/Default.LAPTOP-10891MC3/AppData/Roaming/Local/lightning-services/php-8.2.23+0/bin/win64/ext\php_imagick.dll (The specified module could not be found), C:/Users/Default.LAPTOP-10891MC3/AppData/Roaming/Local/lightning-services/php-8.2.23+0/bin/win64/ext\php_php_imagick.dll.dll (The specified module could not be found)) in Unknown on line 0
[26-Mar-2025 02:55:11 UTC] PHP Warning:  PHP Startup: Unable to load dynamic library 'php_imagick.dll' (tried: C:/Users/Default.LAPTOP-10891MC3/AppData/Roaming/Local/lightning-services/php-8.2.23+0/bin/win64/ext\php_imagick.dll (The specified module could not be found), C:/Users/Default.LAPTOP-10891MC3/AppData/Roaming/Local/lightning-services/php-8.2.23+0/bin/win64/ext\php_php_imagick.dll.dll (The specified module could not be found)) in Unknown on line 0
[26-Mar-2025 02:55:28 UTC] PHP Warning:  PHP Startup: Unable to load dynamic library 'php_imagick.dll' (tried: C:/Users/Default.LAPTOP-10891MC3/AppData/Roaming/Local/lightning-services/php-8.2.23+0/bin/win64/ext\php_imagick.dll (The specified module could not be found), C:/Users/Default.LAPTOP-10891MC3/AppData/Roaming/Local/lightning-services/php-8.2.23+0/bin/win64/ext\php_php_imagick.dll.dll (The specified module could not be found)) in Unknown on line 0
[26-Mar-2025 02:55:28 UTC] PHP Warning:  PHP Startup: Unable to load dynamic library 'php_imagick.dll' (tried: C:/Users/Default.LAPTOP-10891MC3/AppData/Roaming/Local/lightning-services/php-8.2.23+0/bin/win64/ext\php_imagick.dll (The specified module could not be found), C:/Users/Default.LAPTOP-10891MC3/AppData/Roaming/Local/lightning-services/php-8.2.23+0/bin/win64/ext\php_php_imagick.dll.dll (The specified module could not be found)) in Unknown on line 0
[26-Mar-2025 02:55:28 UTC] PHP Warning:  PHP Startup: Unable to load dynamic library 'php_imagick.dll' (tried: C:/Users/Default.LAPTOP-10891MC3/AppData/Roaming/Local/lightning-services/php-8.2.23+0/bin/win64/ext\php_imagick.dll (The specified module could not be found), C:/Users/Default.LAPTOP-10891MC3/AppData/Roaming/Local/lightning-services/php-8.2.23+0/bin/win64/ext\php_php_imagick.dll.dll (The specified module could not be found)) in Unknown on line 0
[26-Mar-2025 02:55:28 UTC] PHP Warning:  PHP Startup: Unable to load dynamic library 'php_imagick.dll' (tried: C:/Users/Default.LAPTOP-10891MC3/AppData/Roaming/Local/lightning-services/php-8.2.23+0/bin/win64/ext\php_imagick.dll (The specified module could not be found), C:/Users/Default.LAPTOP-10891MC3/AppData/Roaming/Local/lightning-services/php-8.2.23+0/bin/win64/ext\php_php_imagick.dll.dll (The specified module could not be found)) in Unknown on line 0
[26-Mar-2025 02:59:35 UTC] PHP Fatal error:  Uncaught Error: Call to a member function add_rewrite_tag() on null in C:\Users\Default.LAPTOP-10891MC3\Local Sites\phpilosophers\app\public\wp-includes\rewrite.php:176
Stack trace:
#0 C:\Users\Default.LAPTOP-10891MC3\Local Sites\phpilosophers\app\public\wp-includes\class-wp-post-type.php(709): add_rewrite_tag('%program%', '([^/]+)', 'program=')
#1 C:\Users\Default.LAPTOP-10891MC3\Local Sites\phpilosophers\app\public\wp-includes\post.php(1807): WP_Post_Type->add_rewrite_rules()
#2 C:\Users\Default.LAPTOP-10891MC3\Local Sites\phpilosophers\app\public\wp-content\mu-plugins\islamic-post-types.php(3): register_post_type('program', Array)
#3 C:\Users\Default.LAPTOP-10891MC3\Local Sites\phpilosophers\app\public\wp-settings.php(451): include_once('C:\\Users\\Defaul...')
#4 C:\Users\Default.LAPTOP-10891MC3\Local Sites\phpilosophers\app\public\wp-config.php(103): require_once('C:\\Users\\Defaul...')
#5 C:\Users\Default.LAPTOP-10891MC3\Local Sites\phpilosophers\app\public\wp-load.php(50): require_once('C:\\Users\\Defaul...')
#6 C:\Users\Default.LAPTOP-10891MC3\Local Sites\phpilosophers\app\public\wp-admin\admin.php(34): require_once('C:\\Users\\Defaul...')
#7 C:\Users\Default.LAPTOP-10891MC3\Local Sites\phpilosophers\app\public\wp-admin\index.php(10): require_once('C:\\Users\\Defaul...')
#8 {main}
  thrown in C:\Users\Default.LAPTOP-10891MC3\Local Sites\phpilosophers\app\public\wp-includes\rewrite.php on line 176
[26-Mar-2025 02:59:49 UTC] PHP Fatal error:  Uncaught Error: Call to a member function add_rewrite_tag() on null in C:\Users\Default.LAPTOP-10891MC3\Local Sites\phpilosophers\app\public\wp-includes\rewrite.php:176
Stack trace:
#0 C:\Users\Default.LAPTOP-10891MC3\Local Sites\phpilosophers\app\public\wp-includes\class-wp-post-type.php(709): add_rewrite_tag('%program%', '([^/]+)', 'program=')
#1 C:\Users\Default.LAPTOP-10891MC3\Local Sites\phpilosophers\app\public\wp-includes\post.php(1807): WP_Post_Type->add_rewrite_rules()
#2 C:\Users\Default.LAPTOP-10891MC3\Local Sites\phpilosophers\app\public\wp-content\mu-plugins\islamic-post-types.php(3): register_post_type('program', Array)
#3 C:\Users\Default.LAPTOP-10891MC3\Local Sites\phpilosophers\app\public\wp-settings.php(451): include_once('C:\\Users\\Defaul...')
#4 C:\Users\Default.LAPTOP-10891MC3\Local Sites\phpilosophers\app\public\wp-config.php(103): require_once('C:\\Users\\Defaul...')
#5 C:\Users\Default.LAPTOP-10891MC3\Local Sites\phpilosophers\app\public\wp-load.php(50): require_once('C:\\Users\\Defaul...')
#6 C:\Users\Default.LAPTOP-10891MC3\Local Sites\phpilosophers\app\public\wp-admin\admin-ajax.php(22): require_once('C:\\Users\\Defaul...')
#7 {main}
  thrown in C:\Users\Default.LAPTOP-10891MC3\Local Sites\phpilosophers\app\public\wp-includes\rewrite.php on line 176
[26-Mar-2025 02:59:58 UTC] PHP Fatal error:  Uncaught Error: Call to a member function add_rewrite_tag() on null in C:\Users\Default.LAPTOP-10891MC3\Local Sites\phpilosophers\app\public\wp-includes\rewrite.php:176
Stack trace:
#0 C:\Users\Default.LAPTOP-10891MC3\Local Sites\phpilosophers\app\public\wp-includes\class-wp-post-type.php(709): add_rewrite_tag('%program%', '([^/]+)', 'program=')
#1 C:\Users\Default.LAPTOP-10891MC3\Local Sites\phpilosophers\app\public\wp-includes\post.php(1807): WP_Post_Type->add_rewrite_rules()
#2 C:\Users\Default.LAPTOP-10891MC3\Local Sites\phpilosophers\app\public\wp-content\mu-plugins\islamic-post-types.php(3): register_post_type('program', Array)
#3 C:\Users\Default.LAPTOP-10891MC3\Local Sites\phpilosophers\app\public\wp-settings.php(451): include_once('C:\\Users\\Defaul...')
#4 C:\Users\Default.LAPTOP-10891MC3\Local Sites\phpilosophers\app\public\wp-config.php(103): require_once('C:\\Users\\Defaul...')
#5 C:\Users\Default.LAPTOP-10891MC3\Local Sites\phpilosophers\app\public\wp-load.php(50): require_once('C:\\Users\\Defaul...')
#6 C:\Users\Default.LAPTOP-10891MC3\Local Sites\phpilosophers\app\public\wp-admin\admin-ajax.php(22): require_once('C:\\Users\\Defaul...')
#7 {main}
  thrown in C:\Users\Default.LAPTOP-10891MC3\Local Sites\phpilosophers\app\public\wp-includes\rewrite.php on line 176
[26-Mar-2025 02:59:58 UTC] PHP Fatal error:  Uncaught Error: Call to a member function add_rewrite_tag() on null in C:\Users\Default.LAPTOP-10891MC3\Local Sites\phpilosophers\app\public\wp-includes\rewrite.php:176
Stack trace:
#0 C:\Users\Default.LAPTOP-10891MC3\Local Sites\phpilosophers\app\public\wp-includes\class-wp-post-type.php(709): add_rewrite_tag('%program%', '([^/]+)', 'program=')
#1 C:\Users\Default.LAPTOP-10891MC3\Local Sites\phpilosophers\app\public\wp-includes\post.php(1807): WP_Post_Type->add_rewrite_rules()
#2 C:\Users\Default.LAPTOP-10891MC3\Local Sites\phpilosophers\app\public\wp-content\mu-plugins\islamic-post-types.php(3): register_post_type('program', Array)
#3 C:\Users\Default.LAPTOP-10891MC3\Local Sites\phpilosophers\app\public\wp-settings.php(451): include_once('C:\\Users\\Defaul...')
#4 C:\Users\Default.LAPTOP-10891MC3\Local Sites\phpilosophers\app\public\wp-config.php(103): require_once('C:\\Users\\Defaul...')
#5 C:\Users\Default.LAPTOP-10891MC3\Local Sites\phpilosophers\app\public\wp-load.php(50): require_once('C:\\Users\\Defaul...')
#6 C:\Users\Default.LAPTOP-10891MC3\Local Sites\phpilosophers\app\public\wp-admin\admin-ajax.php(22): require_once('C:\\Users\\Defaul...')
#7 {main}
  thrown in C:\Users\Default.LAPTOP-10891MC3\Local Sites\phpilosophers\app\public\wp-includes\rewrite.php on line 176
[26-Mar-2025 03:00:38 UTC] PHP Fatal error:  Uncaught Error: Call to a member function add_rewrite_tag() on null in C:\Users\Default.LAPTOP-10891MC3\Local Sites\phpilosophers\app\public\wp-includes\rewrite.php:176
Stack trace:
#0 C:\Users\Default.LAPTOP-10891MC3\Local Sites\phpilosophers\app\public\wp-includes\class-wp-post-type.php(709): add_rewrite_tag('%program%', '([^/]+)', 'program=')
#1 C:\Users\Default.LAPTOP-10891MC3\Local Sites\phpilosophers\app\public\wp-includes\post.php(1807): WP_Post_Type->add_rewrite_rules()
#2 C:\Users\Default.LAPTOP-10891MC3\Local Sites\phpilosophers\app\public\wp-content\mu-plugins\islamic-post-types.php(3): register_post_type('program', Array)
#3 C:\Users\Default.LAPTOP-10891MC3\Local Sites\phpilosophers\app\public\wp-settings.php(451): include_once('C:\\Users\\Defaul...')
#4 C:\Users\Default.LAPTOP-10891MC3\Local Sites\phpilosophers\app\public\wp-config.php(103): require_once('C:\\Users\\Defaul...')
#5 C:\Users\Default.LAPTOP-10891MC3\Local Sites\phpilosophers\app\public\wp-load.php(50): require_once('C:\\Users\\Defaul...')
#6 C:\Users\Default.LAPTOP-10891MC3\Local Sites\phpilosophers\app\public\wp-admin\admin-ajax.php(22): require_once('C:\\Users\\Defaul...')
#7 {main}
  thrown in C:\Users\Default.LAPTOP-10891MC3\Local Sites\phpilosophers\app\public\wp-includes\rewrite.php on line 176
[26-Mar-2025 03:00:48 UTC] PHP Fatal error:  Uncaught Error: Call to a member function add_rewrite_tag() on null in C:\Users\Default.LAPTOP-10891MC3\Local Sites\phpilosophers\app\public\wp-includes\rewrite.php:176
Stack trace:
#0 C:\Users\Default.LAPTOP-10891MC3\Local Sites\phpilosophers\app\public\wp-includes\class-wp-post-type.php(709): add_rewrite_tag('%program%', '([^/]+)', 'program=')
#1 C:\Users\Default.LAPTOP-10891MC3\Local Sites\phpilosophers\app\public\wp-includes\post.php(1807): WP_Post_Type->add_rewrite_rules()
#2 C:\Users\Default.LAPTOP-10891MC3\Local Sites\phpilosophers\app\public\wp-content\mu-plugins\islamic-post-types.php(3): register_post_type('program', Array)
#3 C:\Users\Default.LAPTOP-10891MC3\Local Sites\phpilosophers\app\public\wp-settings.php(451): include_once('C:\\Users\\Defaul...')
#4 C:\Users\Default.LAPTOP-10891MC3\Local Sites\phpilosophers\app\public\wp-config.php(103): require_once('C:\\Users\\Defaul...')
#5 C:\Users\Default.LAPTOP-10891MC3\Local Sites\phpilosophers\app\public\wp-load.php(50): require_once('C:\\Users\\Defaul...')
#6 C:\Users\Default.LAPTOP-10891MC3\Local Sites\phpilosophers\app\public\wp-admin\admin-ajax.php(22): require_once('C:\\Users\\Defaul...')
#7 {main}
  thrown in C:\Users\Default.LAPTOP-10891MC3\Local Sites\phpilosophers\app\public\wp-includes\rewrite.php on line 176
[26-Mar-2025 03:01:20 UTC] PHP Fatal error:  Uncaught Error: Call to a member function add_rewrite_tag() on null in C:\Users\Default.LAPTOP-10891MC3\Local Sites\phpilosophers\app\public\wp-includes\rewrite.php:176
Stack trace:
#0 C:\Users\Default.LAPTOP-10891MC3\Local Sites\phpilosophers\app\public\wp-includes\class-wp-post-type.php(709): add_rewrite_tag('%program%', '([^/]+)', 'program=')
#1 C:\Users\Default.LAPTOP-10891MC3\Local Sites\phpilosophers\app\public\wp-includes\post.php(1807): WP_Post_Type->add_rewrite_rules()
#2 C:\Users\Default.LAPTOP-10891MC3\Local Sites\phpilosophers\app\public\wp-content\mu-plugins\islamic-post-types.php(3): register_post_type('program', Array)
#3 C:\Users\Default.LAPTOP-10891MC3\Local Sites\phpilosophers\app\public\wp-settings.php(451): include_once('C:\\Users\\Defaul...')
#4 C:\Users\Default.LAPTOP-10891MC3\Local Sites\phpilosophers\app\public\wp-config.php(103): require_once('C:\\Users\\Defaul...')
#5 C:\Users\Default.LAPTOP-10891MC3\Local Sites\phpilosophers\app\public\wp-load.php(50): require_once('C:\\Users\\Defaul...')
#6 C:\Users\Default.LAPTOP-10891MC3\Local Sites\phpilosophers\app\public\wp-admin\admin-ajax.php(22): require_once('C:\\Users\\Defaul...')
#7 {main}
  thrown in C:\Users\Default.LAPTOP-10891MC3\Local Sites\phpilosophers\app\public\wp-includes\rewrite.php on line 176
[26-Mar-2025 03:01:50 UTC] PHP Fatal error:  Uncaught Error: Call to a member function add_rewrite_tag() on null in C:\Users\Default.LAPTOP-10891MC3\Local Sites\phpilosophers\app\public\wp-includes\rewrite.php:176
Stack trace:
#0 C:\Users\Default.LAPTOP-10891MC3\Local Sites\phpilosophers\app\public\wp-includes\class-wp-post-type.php(709): add_rewrite_tag('%program%', '([^/]+)', 'program=')
#1 C:\Users\Default.LAPTOP-10891MC3\Local Sites\phpilosophers\app\public\wp-includes\post.php(1807): WP_Post_Type->add_rewrite_rules()
#2 C:\Users\Default.LAPTOP-10891MC3\Local Sites\phpilosophers\app\public\wp-content\mu-plugins\islamic-post-types.php(3): register_post_type('program', Array)
#3 C:\Users\Default.LAPTOP-10891MC3\Local Sites\phpilosophers\app\public\wp-settings.php(451): include_once('C:\\Users\\Defaul...')
#4 C:\Users\Default.LAPTOP-10891MC3\Local Sites\phpilosophers\app\public\wp-config.php(103): require_once('C:\\Users\\Defaul...')
#5 C:\Users\Default.LAPTOP-10891MC3\Local Sites\phpilosophers\app\public\wp-load.php(50): require_once('C:\\Users\\Defaul...')
#6 C:\Users\Default.LAPTOP-10891MC3\Local Sites\phpilosophers\app\public\wp-admin\admin-ajax.php(22): require_once('C:\\Users\\Defaul...')
#7 {main}
  thrown in C:\Users\Default.LAPTOP-10891MC3\Local Sites\phpilosophers\app\public\wp-includes\rewrite.php on line 176
[26-Mar-2025 03:01:58 UTC] PHP Parse error:  syntax error, unexpected single-quoted string "program", expecting variable in C:\Users\Default.LAPTOP-10891MC3\Local Sites\phpilosophers\app\public\wp-content\mu-plugins\islamic-post-types.php on line 4
[26-Mar-2025 03:01:59 UTC] PHP Parse error:  syntax error, unexpected single-quoted string "program", expecting variable in C:\Users\Default.LAPTOP-10891MC3\Local Sites\phpilosophers\app\public\wp-content\mu-plugins\islamic-post-types.php on line 4
[26-Mar-2025 03:13:45 UTC] PHP Warning:  PHP Startup: Unable to load dynamic library 'php_imagick.dll' (tried: C:/Users/Default.LAPTOP-10891MC3/AppData/Roaming/Local/lightning-services/php-8.2.23+0/bin/win64/ext\php_imagick.dll (The specified module could not be found), C:/Users/Default.LAPTOP-10891MC3/AppData/Roaming/Local/lightning-services/php-8.2.23+0/bin/win64/ext\php_php_imagick.dll.dll (The specified module could not be found)) in Unknown on line 0
[26-Mar-2025 03:13:45 UTC] PHP Warning:  PHP Startup: Unable to load dynamic library 'php_imagick.dll' (tried: C:/Users/Default.LAPTOP-10891MC3/AppData/Roaming/Local/lightning-services/php-8.2.23+0/bin/win64/ext\php_imagick.dll (The specified module could not be found), C:/Users/Default.LAPTOP-10891MC3/AppData/Roaming/Local/lightning-services/php-8.2.23+0/bin/win64/ext\php_php_imagick.dll.dll (The specified module could not be found)) in Unknown on line 0
[26-Mar-2025 03:13:45 UTC] PHP Warning:  PHP Startup: Unable to load dynamic library 'php_imagick.dll' (tried: C:/Users/Default.LAPTOP-10891MC3/AppData/Roaming/Local/lightning-services/php-8.2.23+0/bin/win64/ext\php_imagick.dll (The specified module could not be found), C:/Users/Default.LAPTOP-10891MC3/AppData/Roaming/Local/lightning-services/php-8.2.23+0/bin/win64/ext\php_php_imagick.dll.dll (The specified module could not be found)) in Unknown on line 0
[26-Mar-2025 03:13:45 UTC] PHP Warning:  PHP Startup: Unable to load dynamic library 'php_imagick.dll' (tried: C:/Users/Default.LAPTOP-10891MC3/AppData/Roaming/Local/lightning-services/php-8.2.23+0/bin/win64/ext\php_imagick.dll (The specified module could not be found), C:/Users/Default.LAPTOP-10891MC3/AppData/Roaming/Local/lightning-services/php-8.2.23+0/bin/win64/ext\php_php_imagick.dll.dll (The specified module could not be found)) in Unknown on line 0
[26-Mar-2025 03:26:48 UTC] PHP Warning:  PHP Startup: Unable to load dynamic library 'php_imagick.dll' (tried: C:/Users/Default.LAPTOP-10891MC3/AppData/Roaming/Local/lightning-services/php-8.2.23+0/bin/win64/ext\php_imagick.dll (The specified module could not be found), C:/Users/Default.LAPTOP-10891MC3/AppData/Roaming/Local/lightning-services/php-8.2.23+0/bin/win64/ext\php_php_imagick.dll.dll (The specified module could not be found)) in Unknown on line 0
[26-Mar-2025 03:27:25 UTC] PHP Warning:  PHP Startup: Unable to load dynamic library 'php_imagick.dll' (tried: C:/Users/Default.LAPTOP-10891MC3/AppData/Roaming/Local/lightning-services/php-8.2.23+0/bin/win64/ext\php_imagick.dll (The specified module could not be found), C:/Users/Default.LAPTOP-10891MC3/AppData/Roaming/Local/lightning-services/php-8.2.23+0/bin/win64/ext\php_php_imagick.dll.dll (The specified module could not be found)) in Unknown on line 0
[26-Mar-2025 03:38:00 UTC] PHP Warning:  PHP Startup: Unable to load dynamic library 'php_imagick.dll' (tried: C:/Users/Mark Lesesy/AppData/Roaming/Local/lightning-services/php-8.2.23+0/bin/win64/ext\php_imagick.dll (The specified module could not be found), C:/Users/Mark Lesesy/AppData/Roaming/Local/lightning-services/php-8.2.23+0/bin/win64/ext\php_php_imagick.dll.dll (The specified module could not be found)) in Unknown on line 0
[26-Mar-2025 04:35:59 UTC] WordPress database error Duplicate entry '120' for key 'wp_posts.PRIMARY' for query INSERT INTO `wp_posts` (`post_author`, `post_date`, `post_date_gmt`, `post_content`, `post_content_filtered`, `post_title`, `post_excerpt`, `post_status`, `post_type`, `comment_status`, `ping_status`, `post_password`, `post_name`, `to_ping`, `pinged`, `post_modified`, `post_modified_gmt`, `post_parent`, `menu_order`, `post_mime_type`, `guid`) VALUES (1, '2025-03-26 04:35:59', '0000-00-00 00:00:00', '', '', 'Auto Draft', '', 'auto-draft', 'ramadaninsights', 'closed', 'closed', '', '', '', '', '2025-03-26 04:35:59', '0000-00-00 00:00:00', 0, 0, '', '') made by get_default_post_to_edit, wp_insert_post
[26-Mar-2025 04:35:59 UTC] PHP Fatal error:  Uncaught Error: Attempt to assign property "post_content" on null in /Users/sajdah/Local Sites/phpilosophers/app/public/wp-admin/includes/post.php:808
Stack trace:
#0 /Users/sajdah/Local Sites/phpilosophers/app/public/wp-admin/post-new.php(66): get_default_post_to_edit('ramadaninsights', true)
#1 {main}
  thrown in /Users/sajdah/Local Sites/phpilosophers/app/public/wp-admin/includes/post.php on line 808
[26-Mar-2025 04:35:59 UTC] WordPress database error Duplicate entry '121' for key 'wp_posts.PRIMARY' for query INSERT INTO `wp_posts` (`post_author`, `post_date`, `post_date_gmt`, `post_content`, `post_content_filtered`, `post_title`, `post_excerpt`, `post_status`, `post_type`, `comment_status`, `ping_status`, `post_password`, `post_name`, `to_ping`, `pinged`, `post_modified`, `post_modified_gmt`, `post_parent`, `menu_order`, `post_mime_type`, `guid`) VALUES (1, '2025-03-26 04:35:59', '0000-00-00 00:00:00', '', '', 'Auto Draft', '', 'auto-draft', 'ramadaninsights', 'closed', 'closed', '', '', '', '', '2025-03-26 04:35:59', '0000-00-00 00:00:00', 0, 0, '', '') made by get_default_post_to_edit, wp_insert_post
[26-Mar-2025 04:35:59 UTC] PHP Fatal error:  Uncaught Error: Attempt to assign property "post_content" on null in /Users/sajdah/Local Sites/phpilosophers/app/public/wp-admin/includes/post.php:808
Stack trace:
#0 /Users/sajdah/Local Sites/phpilosophers/app/public/wp-admin/post-new.php(66): get_default_post_to_edit('ramadaninsights', true)
#1 {main}
  thrown in /Users/sajdah/Local Sites/phpilosophers/app/public/wp-admin/includes/post.php on line 808
[26-Mar-2025 04:36:03 UTC] WordPress database error Duplicate entry '122' for key 'wp_posts.PRIMARY' for query INSERT INTO `wp_posts` (`post_author`, `post_date`, `post_date_gmt`, `post_content`, `post_content_filtered`, `post_title`, `post_excerpt`, `post_status`, `post_type`, `comment_status`, `ping_status`, `post_password`, `post_name`, `to_ping`, `pinged`, `post_modified`, `post_modified_gmt`, `post_parent`, `menu_order`, `post_mime_type`, `guid`) VALUES (1, '2025-03-26 04:36:03', '0000-00-00 00:00:00', '', '', 'Auto Draft', '', 'auto-draft', 'ramadanyears', 'closed', 'closed', '', '', '', '', '2025-03-26 04:36:03', '0000-00-00 00:00:00', 0, 0, '', '') made by get_default_post_to_edit, wp_insert_post
[26-Mar-2025 04:36:03 UTC] PHP Fatal error:  Uncaught Error: Attempt to assign property "post_content" on null in /Users/sajdah/Local Sites/phpilosophers/app/public/wp-admin/includes/post.php:808
Stack trace:
#0 /Users/sajdah/Local Sites/phpilosophers/app/public/wp-admin/post-new.php(66): get_default_post_to_edit('ramadanyears', true)
#1 {main}
  thrown in /Users/sajdah/Local Sites/phpilosophers/app/public/wp-admin/includes/post.php on line 808
[26-Mar-2025 04:37:05 UTC] WordPress database error Duplicate entry '30' for key 'wp_usermeta.PRIMARY' for query INSERT INTO `wp_usermeta` (`user_id`, `meta_key`, `meta_value`) VALUES (1, 'manageedit-acf-taxonomycolumnshidden', 'a:1:{i:0;s:7:\"acf-key\";}') made by require_once('wp-admin/admin.php'), set_current_screen, WP_Screen->set_current_screen, do_action('current_screen'), WP_Hook->do_action, WP_Hook->apply_filters, ACF_Admin_Taxonomies->current_screen, update_user_option, update_user_meta, update_metadata, add_metadata
[26-Mar-2025 05:05:55 UTC] PHP Warning:  PHP Startup: Unable to load dynamic library 'php_imagick.dll' (tried: C:/Users/Mark Lesesy/AppData/Roaming/Local/lightning-services/php-8.2.23+0/bin/win64/ext\php_imagick.dll (The specified module could not be found), C:/Users/Mark Lesesy/AppData/Roaming/Local/lightning-services/php-8.2.23+0/bin/win64/ext\php_php_imagick.dll.dll (The specified module could not be found)) in Unknown on line 0
[26-Mar-2025 05:08:41 UTC] WordPress database error Duplicate entry '37' for key 'wp_usermeta.PRIMARY' for query INSERT INTO `wp_usermeta` (`user_id`, `meta_key`, `meta_value`) VALUES (2, 'rich_editing', 'true') made by edit_user, wp_insert_user, add_user_meta, add_metadata
[26-Mar-2025 05:08:41 UTC] WordPress database error Duplicate entry '38' for key 'wp_usermeta.PRIMARY' for query INSERT INTO `wp_usermeta` (`user_id`, `meta_key`, `meta_value`) VALUES (2, 'syntax_highlighting', 'true') made by edit_user, wp_insert_user, add_user_meta, add_metadata
[26-Mar-2025 05:08:41 UTC] WordPress database error Duplicate entry '39' for key 'wp_usermeta.PRIMARY' for query INSERT INTO `wp_usermeta` (`user_id`, `meta_key`, `meta_value`) VALUES (2, 'comment_shortcuts', 'false') made by edit_user, wp_insert_user, add_user_meta, add_metadata
[26-Mar-2025 05:08:41 UTC] WordPress database error Duplicate entry '40' for key 'wp_usermeta.PRIMARY' for query INSERT INTO `wp_usermeta` (`user_id`, `meta_key`, `meta_value`) VALUES (2, 'admin_color', 'fresh') made by edit_user, wp_insert_user, add_user_meta, add_metadata
[26-Mar-2025 06:10:35 UTC] PHP Warning:  PHP Startup: Unable to load dynamic library 'php_imagick.dll' (tried: C:/Users/Mark Lesesy/AppData/Roaming/Local/lightning-services/php-8.2.23+0/bin/win64/ext\php_imagick.dll (The specified module could not be found), C:/Users/Mark Lesesy/AppData/Roaming/Local/lightning-services/php-8.2.23+0/bin/win64/ext\php_php_imagick.dll.dll (The specified module could not be found)) in Unknown on line 0
[26-Mar-2025 06:10:46 UTC] WordPress database error Duplicate entry '136' for key 'wp_posts.PRIMARY' for query INSERT INTO `wp_posts` (`post_author`, `post_date`, `post_date_gmt`, `post_content`, `post_content_filtered`, `post_title`, `post_excerpt`, `post_status`, `post_type`, `comment_status`, `ping_status`, `post_password`, `post_name`, `to_ping`, `pinged`, `post_modified`, `post_modified_gmt`, `post_parent`, `menu_order`, `post_mime_type`, `guid`) VALUES (3, '2025-03-26 06:10:46', '0000-00-00 00:00:00', '', '', 'Auto Draft', '', 'auto-draft', 'prayertimes', 'closed', 'closed', '', '', '', '', '2025-03-26 06:10:46', '0000-00-00 00:00:00', 0, 0, '', '') made by get_default_post_to_edit, wp_insert_post
[26-Mar-2025 06:10:46 UTC] PHP Fatal error:  Uncaught Error: Attempt to assign property "post_content" on null in C:\Users\Mark Lesesy\Local Sites\phpilosophers\app\public\wp-admin\includes\post.php:808
Stack trace:
#0 C:\Users\Mark Lesesy\Local Sites\phpilosophers\app\public\wp-admin\post-new.php(66): get_default_post_to_edit('prayertimes', true)
#1 {main}
  thrown in C:\Users\Mark Lesesy\Local Sites\phpilosophers\app\public\wp-admin\includes\post.php on line 808
[26-Mar-2025 06:10:57 UTC] WordPress database error Duplicate entry '137' for key 'wp_posts.PRIMARY' for query INSERT INTO `wp_posts` (`post_author`, `post_date`, `post_date_gmt`, `post_content`, `post_content_filtered`, `post_title`, `post_excerpt`, `post_status`, `post_type`, `comment_status`, `ping_status`, `post_password`, `post_name`, `to_ping`, `pinged`, `post_modified`, `post_modified_gmt`, `post_parent`, `menu_order`, `post_mime_type`, `guid`) VALUES (3, '2025-03-26 06:10:57', '0000-00-00 00:00:00', '', '', 'Auto Draft', '', 'auto-draft', 'islamicreminders', 'closed', 'closed', '', '', '', '', '2025-03-26 06:10:57', '0000-00-00 00:00:00', 0, 0, '', '') made by get_default_post_to_edit, wp_insert_post
[26-Mar-2025 06:10:57 UTC] PHP Fatal error:  Uncaught Error: Attempt to assign property "post_content" on null in C:\Users\Mark Lesesy\Local Sites\phpilosophers\app\public\wp-admin\includes\post.php:808
Stack trace:
#0 C:\Users\Mark Lesesy\Local Sites\phpilosophers\app\public\wp-admin\post-new.php(66): get_default_post_to_edit('islamicreminder...', true)
#1 {main}
  thrown in C:\Users\Mark Lesesy\Local Sites\phpilosophers\app\public\wp-admin\includes\post.php on line 808
[26-Mar-2025 06:11:15 UTC] PHP Warning:  PHP Startup: Unable to load dynamic library 'php_imagick.dll' (tried: C:/Users/Mark Lesesy/AppData/Roaming/Local/lightning-services/php-8.2.23+0/bin/win64/ext\php_imagick.dll (The specified module could not be found), C:/Users/Mark Lesesy/AppData/Roaming/Local/lightning-services/php-8.2.23+0/bin/win64/ext\php_php_imagick.dll.dll (The specified module could not be found)) in Unknown on line 0
[26-Mar-2025 07:14:03 UTC] WordPress database error Duplicate entry '93' for key 'wp_usermeta.PRIMARY' for query INSERT INTO `wp_usermeta` (`user_id`, `meta_key`, `meta_value`) VALUES (4, 'session_tokens', 'a:1:{s:64:\"e9bc852e0aa73ae7b48c47fff83a12616f03b6652232245645b73212df4a8a8b\";a:4:{s:10:\"expiration\";i:1743146043;s:2:\"ip\";s:9:\"127.0.0.1\";s:2:\"ua\";s:117:\"Mozilla/5.0 (Macintosh; Intel Mac OS X 10_15_7) AppleWebKit/605.1.15 (KHTML, like Gecko) Version/18.0 Safari/605.1.15\";s:5:\"login\";i:1742973243;}}') made by wp_signon, wp_set_auth_cookie, WP_Session_Tokens->create, WP_Session_Tokens->update, WP_User_Meta_Session_Tokens->update_session, WP_User_Meta_Session_Tokens->update_sessions, update_user_meta, update_metadata, add_metadata
[26-Mar-2025 07:14:12 UTC] WordPress database error Duplicate entry '143' for key 'wp_posts.PRIMARY' for query INSERT INTO `wp_posts` (`post_author`, `post_date`, `post_date_gmt`, `post_content`, `post_content_filtered`, `post_title`, `post_excerpt`, `post_status`, `post_type`, `comment_status`, `ping_status`, `post_password`, `post_name`, `to_ping`, `pinged`, `post_modified`, `post_modified_gmt`, `post_parent`, `menu_order`, `post_mime_type`, `guid`) VALUES (4, '2025-03-26 07:14:12', '0000-00-00 00:00:00', '', '', 'Auto Draft', '', 'auto-draft', 'post', 'open', 'open', '', '', '', '', '2025-03-26 07:14:12', '0000-00-00 00:00:00', 0, 0, '', '') made by wp_dashboard, do_meta_boxes, wp_dashboard_quick_press, get_default_post_to_edit, wp_insert_post
[26-Mar-2025 07:14:21 UTC] WordPress database error Duplicate entry '144' for key 'wp_posts.PRIMARY' for query INSERT INTO `wp_posts` (`post_author`, `post_date`, `post_date_gmt`, `post_content`, `post_content_filtered`, `post_title`, `post_excerpt`, `post_status`, `post_type`, `comment_status`, `ping_status`, `post_password`, `post_name`, `to_ping`, `pinged`, `post_modified`, `post_modified_gmt`, `post_parent`, `menu_order`, `post_mime_type`, `guid`) VALUES (4, '2025-03-26 07:14:21', '0000-00-00 00:00:00', '', '', 'Auto Draft', '', 'auto-draft', 'livestream', 'closed', 'closed', '', '', '', '', '2025-03-26 07:14:21', '0000-00-00 00:00:00', 0, 0, '', '') made by get_default_post_to_edit, wp_insert_post
[26-Mar-2025 07:14:21 UTC] PHP Fatal error:  Uncaught Error: Attempt to assign property "post_content" on null in /Users/sajdah/Local Sites/phpilosophers/app/public/wp-admin/includes/post.php:808
Stack trace:
#0 /Users/sajdah/Local Sites/phpilosophers/app/public/wp-admin/post-new.php(66): get_default_post_to_edit('livestream', true)
#1 {main}
  thrown in /Users/sajdah/Local Sites/phpilosophers/app/public/wp-admin/includes/post.php on line 808
[26-Mar-2025 07:27:14 UTC] WordPress database error Duplicate entry '145' for key 'wp_posts.PRIMARY' for query INSERT INTO `wp_posts` (`post_author`, `post_date`, `post_date_gmt`, `post_content`, `post_content_filtered`, `post_title`, `post_excerpt`, `post_status`, `post_type`, `comment_status`, `ping_status`, `post_password`, `post_name`, `to_ping`, `pinged`, `post_modified`, `post_modified_gmt`, `post_parent`, `menu_order`, `post_mime_type`, `guid`) VALUES (4, '2025-03-26 07:27:14', '0000-00-00 00:00:00', '', '', 'Auto Draft', '', 'auto-draft', 'post', 'open', 'open', '', '', '', '', '2025-03-26 07:27:14', '0000-00-00 00:00:00', 0, 0, '', '') made by wp_dashboard, do_meta_boxes, wp_dashboard_quick_press, get_default_post_to_edit, wp_insert_post
[26-Mar-2025 07:27:20 UTC] WordPress database error Duplicate entry '146' for key 'wp_posts.PRIMARY' for query INSERT INTO `wp_posts` (`post_author`, `post_date`, `post_date_gmt`, `post_content`, `post_content_filtered`, `post_title`, `post_excerpt`, `post_status`, `post_type`, `comment_status`, `ping_status`, `post_password`, `post_name`, `to_ping`, `pinged`, `post_modified`, `post_modified_gmt`, `post_parent`, `menu_order`, `post_mime_type`, `guid`) VALUES (4, '2025-03-26 07:27:20', '0000-00-00 00:00:00', '', '', 'Auto Draft', '', 'auto-draft', 'livestream', 'closed', 'closed', '', '', '', '', '2025-03-26 07:27:20', '0000-00-00 00:00:00', 0, 0, '', '') made by get_default_post_to_edit, wp_insert_post
[26-Mar-2025 07:27:20 UTC] PHP Fatal error:  Uncaught Error: Attempt to assign property "post_content" on null in /Users/sajdah/Local Sites/phpilosophers/app/public/wp-admin/includes/post.php:808
Stack trace:
#0 /Users/sajdah/Local Sites/phpilosophers/app/public/wp-admin/post-new.php(66): get_default_post_to_edit('livestream', true)
#1 {main}
  thrown in /Users/sajdah/Local Sites/phpilosophers/app/public/wp-admin/includes/post.php on line 808
[26-Mar-2025 07:27:51 UTC] WordPress database error Duplicate entry '147' for key 'wp_posts.PRIMARY' for query INSERT INTO `wp_posts` (`post_author`, `post_date`, `post_date_gmt`, `post_content`, `post_content_filtered`, `post_title`, `post_excerpt`, `post_status`, `post_type`, `comment_status`, `ping_status`, `post_password`, `post_name`, `to_ping`, `pinged`, `post_modified`, `post_modified_gmt`, `post_parent`, `menu_order`, `post_mime_type`, `guid`) VALUES (1, '2025-03-26 07:27:51', '0000-00-00 00:00:00', '', '', 'Auto Draft', '', 'auto-draft', 'acf-field-group', 'closed', 'closed', '', '', '', '', '2025-03-26 07:27:51', '0000-00-00 00:00:00', 0, 0, '', '') made by get_default_post_to_edit, wp_insert_post
[26-Mar-2025 07:27:51 UTC] PHP Fatal error:  Uncaught Error: Attempt to assign property "post_content" on null in /Users/sajdah/Local Sites/phpilosophers/app/public/wp-admin/includes/post.php:808
Stack trace:
#0 /Users/sajdah/Local Sites/phpilosophers/app/public/wp-admin/post-new.php(66): get_default_post_to_edit('acf-field-group', true)
#1 {main}
  thrown in /Users/sajdah/Local Sites/phpilosophers/app/public/wp-admin/includes/post.php on line 808
[26-Mar-2025 07:28:03 UTC] WordPress database error Duplicate entry '148' for key 'wp_posts.PRIMARY' for query INSERT INTO `wp_posts` (`post_author`, `post_date`, `post_date_gmt`, `post_content`, `post_content_filtered`, `post_title`, `post_excerpt`, `post_status`, `post_type`, `comment_status`, `ping_status`, `post_password`, `post_name`, `to_ping`, `pinged`, `post_modified`, `post_modified_gmt`, `post_parent`, `menu_order`, `post_mime_type`, `guid`) VALUES (1, '2025-03-26 07:28:03', '0000-00-00 00:00:00', '', '', 'Auto Draft', '', 'auto-draft', 'acf-post-type', 'closed', 'closed', '', '', '', '', '2025-03-26 07:28:03', '0000-00-00 00:00:00', 0, 0, '', '') made by get_default_post_to_edit, wp_insert_post
[26-Mar-2025 07:28:03 UTC] PHP Fatal error:  Uncaught Error: Attempt to assign property "post_content" on null in /Users/sajdah/Local Sites/phpilosophers/app/public/wp-admin/includes/post.php:808
Stack trace:
#0 /Users/sajdah/Local Sites/phpilosophers/app/public/wp-admin/post-new.php(66): get_default_post_to_edit('acf-post-type', true)
#1 {main}
  thrown in /Users/sajdah/Local Sites/phpilosophers/app/public/wp-admin/includes/post.php on line 808
[26-Mar-2025 07:28:18 UTC] WordPress database error Duplicate entry '149' for key 'wp_posts.PRIMARY' for query INSERT INTO `wp_posts` (`post_author`, `post_date`, `post_date_gmt`, `post_content`, `post_content_filtered`, `post_title`, `post_excerpt`, `post_status`, `post_type`, `comment_status`, `ping_status`, `post_password`, `post_name`, `to_ping`, `pinged`, `post_modified`, `post_modified_gmt`, `post_parent`, `menu_order`, `post_mime_type`, `guid`) VALUES (4, '2025-03-26 07:28:18', '0000-00-00 00:00:00', '', '', 'Auto Draft', '', 'auto-draft', 'post', 'open', 'open', '', '', '', '', '2025-03-26 07:28:18', '0000-00-00 00:00:00', 0, 0, '', '') made by wp_dashboard, do_meta_boxes, wp_dashboard_quick_press, get_default_post_to_edit, wp_insert_post
[26-Mar-2025 07:28:22 UTC] WordPress database error Duplicate entry '150' for key 'wp_posts.PRIMARY' for query INSERT INTO `wp_posts` (`post_author`, `post_date`, `post_date_gmt`, `post_content`, `post_content_filtered`, `post_title`, `post_excerpt`, `post_status`, `post_type`, `comment_status`, `ping_status`, `post_password`, `post_name`, `to_ping`, `pinged`, `post_modified`, `post_modified_gmt`, `post_parent`, `menu_order`, `post_mime_type`, `guid`) VALUES (4, '2025-03-26 07:28:22', '0000-00-00 00:00:00', '', '', 'Auto Draft', '', 'auto-draft', 'livestream', 'closed', 'closed', '', '', '', '', '2025-03-26 07:28:22', '0000-00-00 00:00:00', 0, 0, '', '') made by get_default_post_to_edit, wp_insert_post
[26-Mar-2025 07:28:22 UTC] PHP Fatal error:  Uncaught Error: Attempt to assign property "post_content" on null in /Users/sajdah/Local Sites/phpilosophers/app/public/wp-admin/includes/post.php:808
Stack trace:
#0 /Users/sajdah/Local Sites/phpilosophers/app/public/wp-admin/post-new.php(66): get_default_post_to_edit('livestream', true)
#1 {main}
  thrown in /Users/sajdah/Local Sites/phpilosophers/app/public/wp-admin/includes/post.php on line 808
[26-Mar-2025 07:28:30 UTC] WordPress database error Duplicate entry '151' for key 'wp_posts.PRIMARY' for query INSERT INTO `wp_posts` (`post_author`, `post_date`, `post_date_gmt`, `post_content`, `post_content_filtered`, `post_title`, `post_excerpt`, `post_status`, `post_type`, `comment_status`, `ping_status`, `post_password`, `post_name`, `to_ping`, `pinged`, `post_modified`, `post_modified_gmt`, `post_parent`, `menu_order`, `post_mime_type`, `guid`) VALUES (4, '2025-03-26 07:28:30', '0000-00-00 00:00:00', '', '', 'Auto Draft', '', 'auto-draft', 'livestream', 'closed', 'closed', '', '', '', '', '2025-03-26 07:28:30', '0000-00-00 00:00:00', 0, 0, '', '') made by get_default_post_to_edit, wp_insert_post
[26-Mar-2025 07:28:30 UTC] PHP Fatal error:  Uncaught Error: Attempt to assign property "post_content" on null in /Users/sajdah/Local Sites/phpilosophers/app/public/wp-admin/includes/post.php:808
Stack trace:
#0 /Users/sajdah/Local Sites/phpilosophers/app/public/wp-admin/post-new.php(66): get_default_post_to_edit('livestream', true)
#1 {main}
  thrown in /Users/sajdah/Local Sites/phpilosophers/app/public/wp-admin/includes/post.php on line 808
[26-Mar-2025 07:28:35 UTC] WordPress database error Duplicate entry '152' for key 'wp_posts.PRIMARY' for query INSERT INTO `wp_posts` (`post_author`, `post_date`, `post_date_gmt`, `post_content`, `post_content_filtered`, `post_title`, `post_excerpt`, `post_status`, `post_type`, `comment_status`, `ping_status`, `post_password`, `post_name`, `to_ping`, `pinged`, `post_modified`, `post_modified_gmt`, `post_parent`, `menu_order`, `post_mime_type`, `guid`) VALUES (4, '2025-03-26 07:28:35', '0000-00-00 00:00:00', '', '', 'Auto Draft', '', 'auto-draft', 'livestream', 'closed', 'closed', '', '', '', '', '2025-03-26 07:28:35', '0000-00-00 00:00:00', 0, 0, '', '') made by get_default_post_to_edit, wp_insert_post
[26-Mar-2025 07:28:35 UTC] PHP Fatal error:  Uncaught Error: Attempt to assign property "post_content" on null in /Users/sajdah/Local Sites/phpilosophers/app/public/wp-admin/includes/post.php:808
Stack trace:
#0 /Users/sajdah/Local Sites/phpilosophers/app/public/wp-admin/post-new.php(66): get_default_post_to_edit('livestream', true)
#1 {main}
  thrown in /Users/sajdah/Local Sites/phpilosophers/app/public/wp-admin/includes/post.php on line 808
[26-Mar-2025 07:28:38 UTC] WordPress database error Duplicate entry '153' for key 'wp_posts.PRIMARY' for query INSERT INTO `wp_posts` (`post_author`, `post_date`, `post_date_gmt`, `post_content`, `post_content_filtered`, `post_title`, `post_excerpt`, `post_status`, `post_type`, `comment_status`, `ping_status`, `post_password`, `post_name`, `to_ping`, `pinged`, `post_modified`, `post_modified_gmt`, `post_parent`, `menu_order`, `post_mime_type`, `guid`) VALUES (4, '2025-03-26 07:28:38', '0000-00-00 00:00:00', '', '', 'Auto Draft', '', 'auto-draft', 'livestream', 'closed', 'closed', '', '', '', '', '2025-03-26 07:28:38', '0000-00-00 00:00:00', 0, 0, '', '') made by get_default_post_to_edit, wp_insert_post
[26-Mar-2025 07:28:38 UTC] PHP Fatal error:  Uncaught Error: Attempt to assign property "post_content" on null in /Users/sajdah/Local Sites/phpilosophers/app/public/wp-admin/includes/post.php:808
Stack trace:
#0 /Users/sajdah/Local Sites/phpilosophers/app/public/wp-admin/post-new.php(66): get_default_post_to_edit('livestream', true)
#1 {main}
  thrown in /Users/sajdah/Local Sites/phpilosophers/app/public/wp-admin/includes/post.php on line 808
[26-Mar-2025 07:28:46 UTC] WordPress database error Duplicate entry '154' for key 'wp_posts.PRIMARY' for query INSERT INTO `wp_posts` (`post_author`, `post_date`, `post_date_gmt`, `post_content`, `post_content_filtered`, `post_title`, `post_excerpt`, `post_status`, `post_type`, `comment_status`, `ping_status`, `post_password`, `post_name`, `to_ping`, `pinged`, `post_modified`, `post_modified_gmt`, `post_parent`, `menu_order`, `post_mime_type`, `guid`) VALUES (4, '2025-03-26 07:28:46', '0000-00-00 00:00:00', '', '', 'Auto Draft', '', 'auto-draft', 'livestream', 'closed', 'closed', '', '', '', '', '2025-03-26 07:28:46', '0000-00-00 00:00:00', 0, 0, '', '') made by get_default_post_to_edit, wp_insert_post
[26-Mar-2025 07:28:46 UTC] PHP Fatal error:  Uncaught Error: Attempt to assign property "post_content" on null in /Users/sajdah/Local Sites/phpilosophers/app/public/wp-admin/includes/post.php:808
Stack trace:
#0 /Users/sajdah/Local Sites/phpilosophers/app/public/wp-admin/post-new.php(66): get_default_post_to_edit('livestream', true)
#1 {main}
  thrown in /Users/sajdah/Local Sites/phpilosophers/app/public/wp-admin/includes/post.php on line 808
[26-Mar-2025 07:29:16 UTC] WordPress database error Duplicate entry '155' for key 'wp_posts.PRIMARY' for query INSERT INTO `wp_posts` (`post_author`, `post_date`, `post_date_gmt`, `post_content`, `post_content_filtered`, `post_title`, `post_excerpt`, `post_status`, `post_type`, `comment_status`, `ping_status`, `post_password`, `post_name`, `to_ping`, `pinged`, `post_modified`, `post_modified_gmt`, `post_parent`, `menu_order`, `post_mime_type`, `guid`) VALUES (1, '2025-03-26 07:29:16', '0000-00-00 00:00:00', '', '', 'Auto Draft', '', 'auto-draft', 'acf-post-type', 'closed', 'closed', '', '', '', '', '2025-03-26 07:29:16', '0000-00-00 00:00:00', 0, 0, '', '') made by get_default_post_to_edit, wp_insert_post
[26-Mar-2025 07:29:16 UTC] PHP Fatal error:  Uncaught Error: Attempt to assign property "post_content" on null in /Users/sajdah/Local Sites/phpilosophers/app/public/wp-admin/includes/post.php:808
Stack trace:
#0 /Users/sajdah/Local Sites/phpilosophers/app/public/wp-admin/post-new.php(66): get_default_post_to_edit('acf-post-type', true)
#1 {main}
  thrown in /Users/sajdah/Local Sites/phpilosophers/app/public/wp-admin/includes/post.php on line 808
[26-Mar-2025 07:29:24 UTC] WordPress database error Duplicate entry '156' for key 'wp_posts.PRIMARY' for query INSERT INTO `wp_posts` (`post_author`, `post_date`, `post_date_gmt`, `post_content`, `post_content_filtered`, `post_title`, `post_excerpt`, `post_status`, `post_type`, `comment_status`, `ping_status`, `post_password`, `post_name`, `to_ping`, `pinged`, `post_modified`, `post_modified_gmt`, `post_parent`, `menu_order`, `post_mime_type`, `guid`) VALUES (1, '2025-03-26 07:29:24', '0000-00-00 00:00:00', '', '', 'Auto Draft', '', 'auto-draft', 'acf-post-type', 'closed', 'closed', '', '', '', '', '2025-03-26 07:29:24', '0000-00-00 00:00:00', 0, 0, '', '') made by get_default_post_to_edit, wp_insert_post
[26-Mar-2025 07:29:24 UTC] PHP Fatal error:  Uncaught Error: Attempt to assign property "post_content" on null in /Users/sajdah/Local Sites/phpilosophers/app/public/wp-admin/includes/post.php:808
Stack trace:
#0 /Users/sajdah/Local Sites/phpilosophers/app/public/wp-admin/post-new.php(66): get_default_post_to_edit('acf-post-type', true)
#1 {main}
  thrown in /Users/sajdah/Local Sites/phpilosophers/app/public/wp-admin/includes/post.php on line 808
[26-Mar-2025 07:29:30 UTC] WordPress database error Duplicate entry '157' for key 'wp_posts.PRIMARY' for query INSERT INTO `wp_posts` (`post_author`, `post_date`, `post_date_gmt`, `post_content`, `post_content_filtered`, `post_title`, `post_excerpt`, `post_status`, `post_type`, `comment_status`, `ping_status`, `post_password`, `post_name`, `to_ping`, `pinged`, `post_modified`, `post_modified_gmt`, `post_parent`, `menu_order`, `post_mime_type`, `guid`) VALUES (1, '2025-03-26 07:29:30', '0000-00-00 00:00:00', '', '', 'Auto Draft', '', 'auto-draft', 'acf-post-type', 'closed', 'closed', '', '', '', '', '2025-03-26 07:29:30', '0000-00-00 00:00:00', 0, 0, '', '') made by get_default_post_to_edit, wp_insert_post
[26-Mar-2025 07:29:30 UTC] PHP Fatal error:  Uncaught Error: Attempt to assign property "post_content" on null in /Users/sajdah/Local Sites/phpilosophers/app/public/wp-admin/includes/post.php:808
Stack trace:
#0 /Users/sajdah/Local Sites/phpilosophers/app/public/wp-admin/post-new.php(66): get_default_post_to_edit('acf-post-type', true)
#1 {main}
  thrown in /Users/sajdah/Local Sites/phpilosophers/app/public/wp-admin/includes/post.php on line 808
[26-Mar-2025 07:29:36 UTC] WordPress database error Duplicate entry '158' for key 'wp_posts.PRIMARY' for query INSERT INTO `wp_posts` (`post_author`, `post_date`, `post_date_gmt`, `post_content`, `post_content_filtered`, `post_title`, `post_excerpt`, `post_status`, `post_type`, `comment_status`, `ping_status`, `post_password`, `post_name`, `to_ping`, `pinged`, `post_modified`, `post_modified_gmt`, `post_parent`, `menu_order`, `post_mime_type`, `guid`) VALUES (1, '2025-03-26 07:29:36', '0000-00-00 00:00:00', '', '', 'Auto Draft', '', 'auto-draft', 'acf-field-group', 'closed', 'closed', '', '', '', '', '2025-03-26 07:29:36', '0000-00-00 00:00:00', 0, 0, '', '') made by get_default_post_to_edit, wp_insert_post
[26-Mar-2025 07:29:36 UTC] PHP Fatal error:  Uncaught Error: Attempt to assign property "post_content" on null in /Users/sajdah/Local Sites/phpilosophers/app/public/wp-admin/includes/post.php:808
Stack trace:
#0 /Users/sajdah/Local Sites/phpilosophers/app/public/wp-admin/post-new.php(66): get_default_post_to_edit('acf-field-group', true)
#1 {main}
  thrown in /Users/sajdah/Local Sites/phpilosophers/app/public/wp-admin/includes/post.php on line 808
[26-Mar-2025 07:29:54 UTC] WordPress database error Duplicate entry '159' for key 'wp_posts.PRIMARY' for query INSERT INTO `wp_posts` (`post_author`, `post_date`, `post_date_gmt`, `post_content`, `post_content_filtered`, `post_title`, `post_excerpt`, `post_status`, `post_type`, `comment_status`, `ping_status`, `post_password`, `post_name`, `to_ping`, `pinged`, `post_modified`, `post_modified_gmt`, `post_parent`, `menu_order`, `post_mime_type`, `guid`) VALUES (4, '2025-03-26 07:29:54', '0000-00-00 00:00:00', '', '', 'Auto Draft', '', 'auto-draft', 'post', 'open', 'open', '', '', '', '', '2025-03-26 07:29:54', '0000-00-00 00:00:00', 0, 0, '', '') made by wp_dashboard, do_meta_boxes, wp_dashboard_quick_press, get_default_post_to_edit, wp_insert_post
[26-Mar-2025 07:30:02 UTC] WordPress database error Duplicate entry '160' for key 'wp_posts.PRIMARY' for query INSERT INTO `wp_posts` (`post_author`, `post_date`, `post_date_gmt`, `post_content`, `post_content_filtered`, `post_title`, `post_excerpt`, `post_status`, `post_type`, `comment_status`, `ping_status`, `post_password`, `post_name`, `to_ping`, `pinged`, `post_modified`, `post_modified_gmt`, `post_parent`, `menu_order`, `post_mime_type`, `guid`) VALUES (4, '2025-03-26 07:30:02', '0000-00-00 00:00:00', '', '', 'Auto Draft', '', 'auto-draft', 'livestream', 'closed', 'closed', '', '', '', '', '2025-03-26 07:30:02', '0000-00-00 00:00:00', 0, 0, '', '') made by get_default_post_to_edit, wp_insert_post
[26-Mar-2025 07:30:02 UTC] PHP Fatal error:  Uncaught Error: Attempt to assign property "post_content" on null in /Users/sajdah/Local Sites/phpilosophers/app/public/wp-admin/includes/post.php:808
Stack trace:
#0 /Users/sajdah/Local Sites/phpilosophers/app/public/wp-admin/post-new.php(66): get_default_post_to_edit('livestream', true)
#1 {main}
  thrown in /Users/sajdah/Local Sites/phpilosophers/app/public/wp-admin/includes/post.php on line 808
[26-Mar-2025 07:30:34 UTC] WordPress database error Duplicate entry '161' for key 'wp_posts.PRIMARY' for query INSERT INTO `wp_posts` (`post_author`, `post_date`, `post_date_gmt`, `post_content`, `post_content_filtered`, `post_title`, `post_excerpt`, `post_status`, `post_type`, `comment_status`, `ping_status`, `post_password`, `post_name`, `to_ping`, `pinged`, `post_modified`, `post_modified_gmt`, `post_parent`, `menu_order`, `post_mime_type`, `guid`) VALUES (4, '2025-03-26 07:30:34', '0000-00-00 00:00:00', '', '', 'Auto Draft', '', 'auto-draft', 'ramadaninsights', 'closed', 'closed', '', '', '', '', '2025-03-26 07:30:34', '0000-00-00 00:00:00', 0, 0, '', '') made by get_default_post_to_edit, wp_insert_post
[26-Mar-2025 07:30:34 UTC] PHP Fatal error:  Uncaught Error: Attempt to assign property "post_content" on null in /Users/sajdah/Local Sites/phpilosophers/app/public/wp-admin/includes/post.php:808
Stack trace:
#0 /Users/sajdah/Local Sites/phpilosophers/app/public/wp-admin/post-new.php(66): get_default_post_to_edit('ramadaninsights', true)
#1 {main}
  thrown in /Users/sajdah/Local Sites/phpilosophers/app/public/wp-admin/includes/post.php on line 808
[26-Mar-2025 07:30:43 UTC] WordPress database error Duplicate entry '162' for key 'wp_posts.PRIMARY' for query INSERT INTO `wp_posts` (`post_author`, `post_date`, `post_date_gmt`, `post_content`, `post_content_filtered`, `post_title`, `post_excerpt`, `post_status`, `post_type`, `comment_status`, `ping_status`, `post_password`, `post_name`, `to_ping`, `pinged`, `post_modified`, `post_modified_gmt`, `post_parent`, `menu_order`, `post_mime_type`, `guid`) VALUES (4, '2025-03-26 07:30:43', '0000-00-00 00:00:00', '', '', 'Auto Draft', '', 'auto-draft', 'post', 'open', 'open', '', '', '', '', '2025-03-26 07:30:43', '0000-00-00 00:00:00', 0, 0, '', '') made by wp_dashboard, do_meta_boxes, wp_dashboard_quick_press, get_default_post_to_edit, wp_insert_post
[26-Mar-2025 07:30:49 UTC] WordPress database error Duplicate entry '163' for key 'wp_posts.PRIMARY' for query INSERT INTO `wp_posts` (`post_author`, `post_date`, `post_date_gmt`, `post_content`, `post_content_filtered`, `post_title`, `post_excerpt`, `post_status`, `post_type`, `comment_status`, `ping_status`, `post_password`, `post_name`, `to_ping`, `pinged`, `post_modified`, `post_modified_gmt`, `post_parent`, `menu_order`, `post_mime_type`, `guid`) VALUES (4, '2025-03-26 07:30:49', '0000-00-00 00:00:00', '', '', 'Auto Draft', '', 'auto-draft', 'page', 'closed', 'closed', '', '', '', '', '2025-03-26 07:30:49', '0000-00-00 00:00:00', 0, 0, '', '') made by get_default_post_to_edit, wp_insert_post
[26-Mar-2025 07:30:49 UTC] PHP Fatal error:  Uncaught Error: Attempt to assign property "post_content" on null in /Users/sajdah/Local Sites/phpilosophers/app/public/wp-admin/includes/post.php:808
Stack trace:
#0 /Users/sajdah/Local Sites/phpilosophers/app/public/wp-admin/post-new.php(66): get_default_post_to_edit('page', true)
#1 {main}
  thrown in /Users/sajdah/Local Sites/phpilosophers/app/public/wp-admin/includes/post.php on line 808
[26-Mar-2025 07:30:51 UTC] WordPress database error Duplicate entry '164' for key 'wp_posts.PRIMARY' for query INSERT INTO `wp_posts` (`post_author`, `post_date`, `post_date_gmt`, `post_content`, `post_content_filtered`, `post_title`, `post_excerpt`, `post_status`, `post_type`, `comment_status`, `ping_status`, `post_password`, `post_name`, `to_ping`, `pinged`, `post_modified`, `post_modified_gmt`, `post_parent`, `menu_order`, `post_mime_type`, `guid`) VALUES (4, '2025-03-26 07:30:51', '0000-00-00 00:00:00', '', '', 'Auto Draft', '', 'auto-draft', 'page', 'closed', 'closed', '', '', '', '', '2025-03-26 07:30:51', '0000-00-00 00:00:00', 0, 0, '', '') made by get_default_post_to_edit, wp_insert_post
[26-Mar-2025 07:30:51 UTC] PHP Fatal error:  Uncaught Error: Attempt to assign property "post_content" on null in /Users/sajdah/Local Sites/phpilosophers/app/public/wp-admin/includes/post.php:808
Stack trace:
#0 /Users/sajdah/Local Sites/phpilosophers/app/public/wp-admin/post-new.php(66): get_default_post_to_edit('page', true)
#1 {main}
  thrown in /Users/sajdah/Local Sites/phpilosophers/app/public/wp-admin/includes/post.php on line 808
[26-Mar-2025 07:30:57 UTC] WordPress database error Duplicate entry '165' for key 'wp_posts.PRIMARY' for query INSERT INTO `wp_posts` (`post_author`, `post_date`, `post_date_gmt`, `post_content`, `post_content_filtered`, `post_title`, `post_excerpt`, `post_status`, `post_type`, `comment_status`, `ping_status`, `post_password`, `post_name`, `to_ping`, `pinged`, `post_modified`, `post_modified_gmt`, `post_parent`, `menu_order`, `post_mime_type`, `guid`) VALUES (4, '2025-03-26 07:30:57', '0000-00-00 00:00:00', '', '', 'Auto Draft', '', 'auto-draft', 'ramadaninsights', 'closed', 'closed', '', '', '', '', '2025-03-26 07:30:57', '0000-00-00 00:00:00', 0, 0, '', '') made by get_default_post_to_edit, wp_insert_post
[26-Mar-2025 07:30:57 UTC] PHP Fatal error:  Uncaught Error: Attempt to assign property "post_content" on null in /Users/sajdah/Local Sites/phpilosophers/app/public/wp-admin/includes/post.php:808
Stack trace:
#0 /Users/sajdah/Local Sites/phpilosophers/app/public/wp-admin/post-new.php(66): get_default_post_to_edit('ramadaninsights', true)
#1 {main}
  thrown in /Users/sajdah/Local Sites/phpilosophers/app/public/wp-admin/includes/post.php on line 808
[26-Mar-2025 07:31:03 UTC] WordPress database error Duplicate entry '166' for key 'wp_posts.PRIMARY' for query INSERT INTO `wp_posts` (`post_author`, `post_date`, `post_date_gmt`, `post_content`, `post_content_filtered`, `post_title`, `post_excerpt`, `post_status`, `post_type`, `comment_status`, `ping_status`, `post_password`, `post_name`, `to_ping`, `pinged`, `post_modified`, `post_modified_gmt`, `post_parent`, `menu_order`, `post_mime_type`, `guid`) VALUES (4, '2025-03-26 07:31:03', '0000-00-00 00:00:00', '', '', 'Auto Draft', '', 'auto-draft', 'events', 'closed', 'closed', '', '', '', '', '2025-03-26 07:31:03', '0000-00-00 00:00:00', 0, 0, '', '') made by get_default_post_to_edit, wp_insert_post
[26-Mar-2025 07:31:03 UTC] PHP Fatal error:  Uncaught Error: Attempt to assign property "post_content" on null in /Users/sajdah/Local Sites/phpilosophers/app/public/wp-admin/includes/post.php:808
Stack trace:
#0 /Users/sajdah/Local Sites/phpilosophers/app/public/wp-admin/post-new.php(66): get_default_post_to_edit('events', true)
#1 {main}
  thrown in /Users/sajdah/Local Sites/phpilosophers/app/public/wp-admin/includes/post.php on line 808
[26-Mar-2025 07:31:59 UTC] WordPress database error Duplicate entry '167' for key 'wp_posts.PRIMARY' for query INSERT INTO `wp_posts` (`post_author`, `post_date`, `post_date_gmt`, `post_content`, `post_content_filtered`, `post_title`, `post_excerpt`, `post_status`, `post_type`, `comment_status`, `ping_status`, `post_password`, `post_name`, `to_ping`, `pinged`, `post_modified`, `post_modified_gmt`, `post_parent`, `menu_order`, `post_mime_type`, `guid`) VALUES (1, '2025-03-26 07:31:59', '0000-00-00 00:00:00', '', '', 'Auto Draft', '', 'auto-draft', 'page', 'closed', 'closed', '', '', '', '', '2025-03-26 07:31:59', '0000-00-00 00:00:00', 0, 0, '', '') made by get_default_post_to_edit, wp_insert_post
[26-Mar-2025 07:31:59 UTC] PHP Fatal error:  Uncaught Error: Attempt to assign property "post_content" on null in /Users/sajdah/Local Sites/phpilosophers/app/public/wp-admin/includes/post.php:808
Stack trace:
#0 /Users/sajdah/Local Sites/phpilosophers/app/public/wp-admin/post-new.php(66): get_default_post_to_edit('page', true)
#1 {main}
  thrown in /Users/sajdah/Local Sites/phpilosophers/app/public/wp-admin/includes/post.php on line 808
[26-Mar-2025 07:32:07 UTC] WordPress database error Duplicate entry '168' for key 'wp_posts.PRIMARY' for query INSERT INTO `wp_posts` (`post_author`, `post_date`, `post_date_gmt`, `post_content`, `post_content_filtered`, `post_title`, `post_excerpt`, `post_status`, `post_type`, `comment_status`, `ping_status`, `post_password`, `post_name`, `to_ping`, `pinged`, `post_modified`, `post_modified_gmt`, `post_parent`, `menu_order`, `post_mime_type`, `guid`) VALUES (1, '2025-03-26 07:32:07', '0000-00-00 00:00:00', '', '', 'Auto Draft', '', 'auto-draft', 'acf-field-group', 'closed', 'closed', '', '', '', '', '2025-03-26 07:32:07', '0000-00-00 00:00:00', 0, 0, '', '') made by get_default_post_to_edit, wp_insert_post
[26-Mar-2025 07:32:07 UTC] PHP Fatal error:  Uncaught Error: Attempt to assign property "post_content" on null in /Users/sajdah/Local Sites/phpilosophers/app/public/wp-admin/includes/post.php:808
Stack trace:
#0 /Users/sajdah/Local Sites/phpilosophers/app/public/wp-admin/post-new.php(66): get_default_post_to_edit('acf-field-group', true)
#1 {main}
  thrown in /Users/sajdah/Local Sites/phpilosophers/app/public/wp-admin/includes/post.php on line 808
[26-Mar-2025 07:32:16 UTC] WordPress database error Duplicate entry '169' for key 'wp_posts.PRIMARY' for query INSERT INTO `wp_posts` (`post_author`, `post_date`, `post_date_gmt`, `post_content`, `post_content_filtered`, `post_title`, `post_excerpt`, `post_status`, `post_type`, `comment_status`, `ping_status`, `post_password`, `post_name`, `to_ping`, `pinged`, `post_modified`, `post_modified_gmt`, `post_parent`, `menu_order`, `post_mime_type`, `guid`) VALUES (1, '2025-03-26 07:32:16', '0000-00-00 00:00:00', '', '', 'Auto Draft', '', 'auto-draft', 'page', 'closed', 'closed', '', '', '', '', '2025-03-26 07:32:16', '0000-00-00 00:00:00', 0, 0, '', '') made by get_default_post_to_edit, wp_insert_post
[26-Mar-2025 07:32:16 UTC] PHP Fatal error:  Uncaught Error: Attempt to assign property "post_content" on null in /Users/sajdah/Local Sites/phpilosophers/app/public/wp-admin/includes/post.php:808
Stack trace:
#0 /Users/sajdah/Local Sites/phpilosophers/app/public/wp-admin/post-new.php(66): get_default_post_to_edit('page', true)
#1 {main}
  thrown in /Users/sajdah/Local Sites/phpilosophers/app/public/wp-admin/includes/post.php on line 808
[26-Mar-2025 07:33:03 UTC] WordPress database error Duplicate entry '170' for key 'wp_posts.PRIMARY' for query INSERT INTO `wp_posts` (`post_author`, `post_date`, `post_date_gmt`, `post_content`, `post_content_filtered`, `post_title`, `post_excerpt`, `post_status`, `post_type`, `comment_status`, `ping_status`, `post_password`, `post_name`, `to_ping`, `pinged`, `post_modified`, `post_modified_gmt`, `post_parent`, `menu_order`, `post_mime_type`, `guid`) VALUES (4, '2025-03-26 07:33:03', '0000-00-00 00:00:00', '', '', 'Auto Draft', '', 'auto-draft', 'post', 'open', 'open', '', '', '', '', '2025-03-26 07:33:03', '0000-00-00 00:00:00', 0, 0, '', '') made by wp_dashboard, do_meta_boxes, wp_dashboard_quick_press, get_default_post_to_edit, wp_insert_post
[26-Mar-2025 07:33:07 UTC] WordPress database error Duplicate entry '171' for key 'wp_posts.PRIMARY' for query INSERT INTO `wp_posts` (`post_author`, `post_date`, `post_date_gmt`, `post_content`, `post_content_filtered`, `post_title`, `post_excerpt`, `post_status`, `post_type`, `comment_status`, `ping_status`, `post_password`, `post_name`, `to_ping`, `pinged`, `post_modified`, `post_modified_gmt`, `post_parent`, `menu_order`, `post_mime_type`, `guid`) VALUES (4, '2025-03-26 07:33:07', '0000-00-00 00:00:00', '', '', 'Auto Draft', '', 'auto-draft', 'livestream', 'closed', 'closed', '', '', '', '', '2025-03-26 07:33:07', '0000-00-00 00:00:00', 0, 0, '', '') made by get_default_post_to_edit, wp_insert_post
[26-Mar-2025 07:33:07 UTC] PHP Fatal error:  Uncaught Error: Attempt to assign property "post_content" on null in /Users/sajdah/Local Sites/phpilosophers/app/public/wp-admin/includes/post.php:808
Stack trace:
#0 /Users/sajdah/Local Sites/phpilosophers/app/public/wp-admin/post-new.php(66): get_default_post_to_edit('livestream', true)
#1 {main}
  thrown in /Users/sajdah/Local Sites/phpilosophers/app/public/wp-admin/includes/post.php on line 808
[26-Mar-2025 07:33:14 UTC] WordPress database error Duplicate entry '172' for key 'wp_posts.PRIMARY' for query INSERT INTO `wp_posts` (`post_author`, `post_date`, `post_date_gmt`, `post_content`, `post_content_filtered`, `post_title`, `post_excerpt`, `post_status`, `post_type`, `comment_status`, `ping_status`, `post_password`, `post_name`, `to_ping`, `pinged`, `post_modified`, `post_modified_gmt`, `post_parent`, `menu_order`, `post_mime_type`, `guid`) VALUES (4, '2025-03-26 07:33:14', '0000-00-00 00:00:00', '', '', 'Auto Draft', '', 'auto-draft', 'livestream', 'closed', 'closed', '', '', '', '', '2025-03-26 07:33:14', '0000-00-00 00:00:00', 0, 0, '', '') made by get_default_post_to_edit, wp_insert_post
[26-Mar-2025 07:33:14 UTC] PHP Fatal error:  Uncaught Error: Attempt to assign property "post_content" on null in /Users/sajdah/Local Sites/phpilosophers/app/public/wp-admin/includes/post.php:808
Stack trace:
#0 /Users/sajdah/Local Sites/phpilosophers/app/public/wp-admin/post-new.php(66): get_default_post_to_edit('livestream', true)
#1 {main}
  thrown in /Users/sajdah/Local Sites/phpilosophers/app/public/wp-admin/includes/post.php on line 808
[26-Mar-2025 07:35:23 UTC] WordPress database error Duplicate entry '173' for key 'wp_posts.PRIMARY' for query INSERT INTO `wp_posts` (`post_author`, `post_date`, `post_date_gmt`, `post_content`, `post_content_filtered`, `post_title`, `post_excerpt`, `post_status`, `post_type`, `comment_status`, `ping_status`, `post_password`, `post_name`, `to_ping`, `pinged`, `post_modified`, `post_modified_gmt`, `post_parent`, `menu_order`, `post_mime_type`, `guid`) VALUES (4, '2025-03-26 07:35:23', '2025-03-26 07:35:23', '', '', 'Jumuah Khutba by Imam Sadiq Al Razi 15/11/24', '', 'inherit', 'revision', 'closed', 'closed', '', '73-autosave-v1', '', '', '2025-03-26 07:35:23', '2025-03-26 07:35:23', 73, 0, '', '') made by do_action('wp_ajax_heartbeat'), WP_Hook->do_action, WP_Hook->apply_filters, wp_ajax_heartbeat, apply_filters('heartbeat_received'), WP_Hook->apply_filters, heartbeat_autosave, wp_autosave, wp_create_post_autosave, _wp_put_post_revision, wp_insert_post
[26-Mar-2025 07:36:22 UTC] WordPress database error Duplicate entry '174' for key 'wp_posts.PRIMARY' for query INSERT INTO `wp_posts` (`post_author`, `post_date`, `post_date_gmt`, `post_content`, `post_content_filtered`, `post_title`, `post_excerpt`, `post_status`, `post_type`, `comment_status`, `ping_status`, `post_password`, `post_name`, `to_ping`, `pinged`, `post_modified`, `post_modified_gmt`, `post_parent`, `menu_order`, `post_mime_type`, `guid`) VALUES (4, '2025-03-26 07:36:22', '0000-00-00 00:00:00', '', '', 'Auto Draft', '', 'auto-draft', 'livestream', 'closed', 'closed', '', '', '', '', '2025-03-26 07:36:22', '0000-00-00 00:00:00', 0, 0, '', '') made by get_default_post_to_edit, wp_insert_post
[26-Mar-2025 07:36:22 UTC] PHP Fatal error:  Uncaught Error: Attempt to assign property "post_content" on null in /Users/sajdah/Local Sites/phpilosophers/app/public/wp-admin/includes/post.php:808
Stack trace:
#0 /Users/sajdah/Local Sites/phpilosophers/app/public/wp-admin/post-new.php(66): get_default_post_to_edit('livestream', true)
#1 {main}
  thrown in /Users/sajdah/Local Sites/phpilosophers/app/public/wp-admin/includes/post.php on line 808
[26-Mar-2025 07:36:29 UTC] WordPress database error Duplicate entry '175' for key 'wp_posts.PRIMARY' for query INSERT INTO `wp_posts` (`post_author`, `post_date`, `post_date_gmt`, `post_content`, `post_content_filtered`, `post_title`, `post_excerpt`, `post_status`, `post_type`, `comment_status`, `ping_status`, `post_password`, `post_name`, `to_ping`, `pinged`, `post_modified`, `post_modified_gmt`, `post_parent`, `menu_order`, `post_mime_type`, `guid`) VALUES (4, '2025-03-26 07:36:29', '0000-00-00 00:00:00', '', '', 'Auto Draft', '', 'auto-draft', 'livestream', 'closed', 'closed', '', '', '', '', '2025-03-26 07:36:29', '0000-00-00 00:00:00', 0, 0, '', '') made by get_default_post_to_edit, wp_insert_post
[26-Mar-2025 07:36:29 UTC] PHP Fatal error:  Uncaught Error: Attempt to assign property "post_content" on null in /Users/sajdah/Local Sites/phpilosophers/app/public/wp-admin/includes/post.php:808
Stack trace:
#0 /Users/sajdah/Local Sites/phpilosophers/app/public/wp-admin/post-new.php(66): get_default_post_to_edit('livestream', true)
#1 {main}
  thrown in /Users/sajdah/Local Sites/phpilosophers/app/public/wp-admin/includes/post.php on line 808
[26-Mar-2025 07:40:38 UTC] WordPress database error Duplicate entry '176' for key 'wp_posts.PRIMARY' for query INSERT INTO `wp_posts` (`post_author`, `post_date`, `post_date_gmt`, `post_content`, `post_content_filtered`, `post_title`, `post_excerpt`, `post_status`, `post_type`, `comment_status`, `ping_status`, `post_password`, `post_name`, `to_ping`, `pinged`, `post_modified`, `post_modified_gmt`, `post_parent`, `menu_order`, `post_mime_type`, `guid`) VALUES (1, '2025-03-26 07:40:38', '2025-03-26 07:40:38', 'a:17:{s:10:\"aria-label\";s:0:\"\";s:4:\"type\";s:12:\"relationship\";s:12:\"instructions\";s:0:\"\";s:8:\"required\";i:0;s:17:\"conditional_logic\";i:0;s:7:\"wrapper\";a:3:{s:5:\"width\";s:0:\"\";s:5:\"class\";s:0:\"\";s:2:\"id\";s:0:\"\";}s:9:\"post_type\";a:1:{i:0;s:6:\"events\";}s:11:\"post_status\";s:0:\"\";s:8:\"taxonomy\";s:0:\"\";s:7:\"filters\";a:3:{i:0;s:6:\"search\";i:1;s:9:\"post_type\";i:2;s:8:\"taxonomy\";}s:13:\"return_format\";s:6:\"object\";s:3:\"min\";s:0:\"\";s:3:\"max\";s:0:\"\";s:17:\"allow_in_bindings\";i:0;s:8:\"elements\";s:0:\"\";s:13:\"bidirectional\";i:0;s:20:\"bidirectional_target\";a:0:{}}', '', 'livestream-event', 'livestream-event', 'publish', 'acf-field', 'closed', 'closed', '', 'field_67e3af559906e', '', '', '2025-03-26 07:40:38', '2025-03-26 07:40:38', 77, 2, '', '') made by edit_post, wp_update_post, wp_insert_post, do_action('save_post_acf-field-group'), WP_Hook->do_action, WP_Hook->apply_filters, acf_admin_field_group->save_post, acf_update_field, wp_insert_post
[26-Mar-2025 07:40:45 UTC] WordPress database error Duplicate entry '177' for key 'wp_posts.PRIMARY' for query INSERT INTO `wp_posts` (`post_author`, `post_date`, `post_date_gmt`, `post_content`, `post_content_filtered`, `post_title`, `post_excerpt`, `post_status`, `post_type`, `comment_status`, `ping_status`, `post_password`, `post_name`, `to_ping`, `pinged`, `post_modified`, `post_modified_gmt`, `post_parent`, `menu_order`, `post_mime_type`, `guid`) VALUES (1, '2025-03-26 07:40:45', '0000-00-00 00:00:00', '', '', 'Auto Draft', '', 'auto-draft', 'events', 'closed', 'closed', '', '', '', '', '2025-03-26 07:40:45', '0000-00-00 00:00:00', 0, 0, '', '') made by get_default_post_to_edit, wp_insert_post
[26-Mar-2025 07:40:45 UTC] PHP Fatal error:  Uncaught Error: Attempt to assign property "post_content" on null in /Users/sajdah/Local Sites/phpilosophers/app/public/wp-admin/includes/post.php:808
Stack trace:
#0 /Users/sajdah/Local Sites/phpilosophers/app/public/wp-admin/post-new.php(66): get_default_post_to_edit('events', true)
#1 {main}
  thrown in /Users/sajdah/Local Sites/phpilosophers/app/public/wp-admin/includes/post.php on line 808
[26-Mar-2025 07:41:05 UTC] WordPress database error Duplicate entry '178' for key 'wp_posts.PRIMARY' for query INSERT INTO `wp_posts` (`post_author`, `post_date`, `post_date_gmt`, `post_content`, `post_content_filtered`, `post_title`, `post_excerpt`, `post_status`, `post_type`, `comment_status`, `ping_status`, `post_password`, `post_name`, `to_ping`, `pinged`, `post_modified`, `post_modified_gmt`, `post_parent`, `menu_order`, `post_mime_type`, `guid`) VALUES (4, '2025-03-26 07:41:05', '0000-00-00 00:00:00', '', '', 'Auto Draft', '', 'auto-draft', 'post', 'open', 'open', '', '', '', '', '2025-03-26 07:41:05', '0000-00-00 00:00:00', 0, 0, '', '') made by wp_dashboard, do_meta_boxes, wp_dashboard_quick_press, get_default_post_to_edit, wp_insert_post
[26-Mar-2025 07:41:22 UTC] WordPress database error Duplicate entry '179' for key 'wp_posts.PRIMARY' for query INSERT INTO `wp_posts` (`post_author`, `post_date`, `post_date_gmt`, `post_content`, `post_content_filtered`, `post_title`, `post_excerpt`, `post_status`, `post_type`, `comment_status`, `ping_status`, `post_password`, `post_name`, `to_ping`, `pinged`, `post_modified`, `post_modified_gmt`, `post_parent`, `menu_order`, `post_mime_type`, `guid`) VALUES (4, '2025-03-26 07:41:22', '0000-00-00 00:00:00', '', '', 'Auto Draft', '', 'auto-draft', 'events', 'closed', 'closed', '', '', '', '', '2025-03-26 07:41:22', '0000-00-00 00:00:00', 0, 0, '', '') made by get_default_post_to_edit, wp_insert_post
[26-Mar-2025 07:41:22 UTC] PHP Fatal error:  Uncaught Error: Attempt to assign property "post_content" on null in /Users/sajdah/Local Sites/phpilosophers/app/public/wp-admin/includes/post.php:808
Stack trace:
#0 /Users/sajdah/Local Sites/phpilosophers/app/public/wp-admin/post-new.php(66): get_default_post_to_edit('events', true)
#1 {main}
  thrown in /Users/sajdah/Local Sites/phpilosophers/app/public/wp-admin/includes/post.php on line 808
[26-Mar-2025 07:42:49 UTC] WordPress database error Duplicate entry '180' for key 'wp_posts.PRIMARY' for query INSERT INTO `wp_posts` (`post_author`, `post_date`, `post_date_gmt`, `post_content`, `post_content_filtered`, `post_title`, `post_excerpt`, `post_status`, `post_type`, `comment_status`, `ping_status`, `post_password`, `post_name`, `to_ping`, `pinged`, `post_modified`, `post_modified_gmt`, `post_parent`, `menu_order`, `post_mime_type`, `guid`) VALUES (4, '2025-03-26 07:42:49', '0000-00-00 00:00:00', '', '', 'Auto Draft', '', 'auto-draft', 'post', 'open', 'open', '', '', '', '', '2025-03-26 07:42:49', '0000-00-00 00:00:00', 0, 0, '', '') made by wp_dashboard, do_meta_boxes, wp_dashboard_quick_press, get_default_post_to_edit, wp_insert_post
