[26-Mar-2025 03:13:54] NOTICE: fpm is running, pid 59652
[26-Mar-2025 03:13:54] NOTICE: ready to handle connections
[26-Mar-2025 03:32:37] NOTICE: Terminating ...
[26-Mar-2025 03:32:37] NOTICE: Terminating ...
[26-Mar-2025 03:32:37] NOTICE: exiting, bye-bye!
[26-Mar-2025 03:32:39] NOTICE: fpm is running, pid 60219
[26-Mar-2025 03:32:39] NOTICE: ready to handle connections
[26-Mar-2025 03:38:36] NOTICE: Terminating ...
[26-Mar-2025 03:38:36] NOTICE: Terminating ...
[26-Mar-2025 03:38:36] NOTICE: exiting, bye-bye!
[26-Mar-2025 03:39:18] NOTICE: fpm is running, pid 60383
[26-Mar-2025 03:39:18] NOTICE: ready to handle connections
[26-Mar-2025 03:46:02] NOTICE: Terminating ...
[26-Mar-2025 03:46:02] NOTICE: Terminating ...
[26-Mar-2025 03:46:02] NOTICE: exiting, bye-bye!
[26-Mar-2025 04:40:14] NOTICE: fpm is running, pid 61412
[26-Mar-2025 04:40:14] NOTICE: ready to handle connections
[26-Mar-2025 05:58:54] NOTICE: Terminating ...
[26-Mar-2025 05:58:54] NOTICE: Terminating ...
[26-Mar-2025 05:58:54] NOTICE: exiting, bye-bye!
[28-Mar-2025 01:43:11] NOTICE: fpm is running, pid 75410
[28-Mar-2025 01:43:11] NOTICE: ready to handle connections
[28-Mar-2025 01:50:07] NOTICE: Terminating ...
[28-Mar-2025 01:50:07] NOTICE: Terminating ...
[28-Mar-2025 01:50:07] NOTICE: exiting, bye-bye!
[28-Mar-2025 01:52:01] NOTICE: fpm is running, pid 75657
[28-Mar-2025 01:52:01] NOTICE: ready to handle connections
[28-Mar-2025 01:54:32] NOTICE: Terminating ...
[28-Mar-2025 01:54:32] NOTICE: Terminating ...
[28-Mar-2025 01:54:32] NOTICE: exiting, bye-bye!
[28-Mar-2025 22:25:24] NOTICE: fpm is running, pid 77173
[28-Mar-2025 22:25:24] NOTICE: ready to handle connections
[28-Mar-2025 22:27:49] NOTICE: Terminating ...
[28-Mar-2025 22:27:49] NOTICE: Terminating ...
[28-Mar-2025 22:27:49] NOTICE: exiting, bye-bye!
[28-Mar-2025 22:28:57] NOTICE: fpm is running, pid 77306
[28-Mar-2025 22:28:57] NOTICE: ready to handle connections
[29-Mar-2025 01:20:54] NOTICE: Terminating ...
[29-Mar-2025 01:20:54] NOTICE: Terminating ...
[29-Mar-2025 01:20:54] NOTICE: exiting, bye-bye!
[29-Mar-2025 01:28:12] NOTICE: fpm is running, pid 78680
[29-Mar-2025 01:28:12] NOTICE: ready to handle connections
[29-Mar-2025 01:29:29] NOTICE: Terminating ...
[29-Mar-2025 01:29:29] NOTICE: Terminating ...
[29-Mar-2025 01:29:29] NOTICE: exiting, bye-bye!
[30-Mar-2025 02:02:27] NOTICE: fpm is running, pid 81246
[30-Mar-2025 02:02:27] NOTICE: ready to handle connections
[30-Mar-2025 02:10:50] NOTICE: Terminating ...
[30-Mar-2025 02:10:50] NOTICE: Terminating ...
[30-Mar-2025 02:10:50] NOTICE: exiting, bye-bye!
[04-Apr-2025 00:41:49] NOTICE: fpm is running, pid 1754
[04-Apr-2025 00:41:49] NOTICE: ready to handle connections
[04-Apr-2025 00:43:33] NOTICE: Terminating ...
[04-Apr-2025 00:43:33] NOTICE: Terminating ...
[04-Apr-2025 00:43:33] NOTICE: exiting, bye-bye!
[04-Apr-2025 00:44:05] NOTICE: fpm is running, pid 1859
[04-Apr-2025 00:44:05] NOTICE: ready to handle connections
[04-Apr-2025 13:09:40] NOTICE: Terminating ...
[04-Apr-2025 13:09:40] NOTICE: Terminating ...
[04-Apr-2025 13:09:40] NOTICE: exiting, bye-bye!
[05-Apr-2025 01:03:50] NOTICE: fpm is running, pid 5795
[05-Apr-2025 01:03:50] NOTICE: ready to handle connections
[05-Apr-2025 01:12:45] NOTICE: Terminating ...
[05-Apr-2025 01:12:45] NOTICE: Terminating ...
[05-Apr-2025 01:12:45] NOTICE: exiting, bye-bye!
[06-Apr-2025 12:35:49] NOTICE: fpm is running, pid 13077
[06-Apr-2025 12:35:49] NOTICE: ready to handle connections
[06-Apr-2025 13:32:03] NOTICE: Terminating ...
[06-Apr-2025 13:32:03] NOTICE: Terminating ...
[06-Apr-2025 13:32:03] NOTICE: exiting, bye-bye!
[07-Apr-2025 01:09:57] NOTICE: fpm is running, pid 25054
[07-Apr-2025 01:09:57] NOTICE: ready to handle connections
[07-Apr-2025 01:22:23] NOTICE: Terminating ...
[07-Apr-2025 01:22:23] NOTICE: Terminating ...
[07-Apr-2025 01:22:23] NOTICE: exiting, bye-bye!
[07-Apr-2025 01:23:40] NOTICE: fpm is running, pid 25314
[07-Apr-2025 01:23:40] NOTICE: ready to handle connections
[07-Apr-2025 01:31:10] NOTICE: Terminating ...
[07-Apr-2025 01:31:10] NOTICE: Terminating ...
[07-Apr-2025 01:31:10] NOTICE: exiting, bye-bye!
[07-Apr-2025 01:34:34] NOTICE: fpm is running, pid 25561
[07-Apr-2025 01:34:34] NOTICE: ready to handle connections
[07-Apr-2025 01:35:37] NOTICE: Terminating ...
[07-Apr-2025 01:35:37] NOTICE: Terminating ...
[07-Apr-2025 01:35:37] NOTICE: exiting, bye-bye!
[07-Apr-2025 01:35:38] NOTICE: fpm is running, pid 25673
[07-Apr-2025 01:35:38] NOTICE: ready to handle connections
[07-Apr-2025 01:36:09] NOTICE: Terminating ...
[07-Apr-2025 01:36:09] NOTICE: Terminating ...
[07-Apr-2025 01:36:09] NOTICE: exiting, bye-bye!
[07-Apr-2025 01:36:09] NOTICE: fpm is running, pid 25716
[07-Apr-2025 01:36:09] NOTICE: ready to handle connections
[07-Apr-2025 01:53:26] NOTICE: Terminating ...
[07-Apr-2025 01:53:26] NOTICE: Terminating ...
[07-Apr-2025 01:53:26] NOTICE: exiting, bye-bye!
