AH00558: httpd.exe: Could not reliably determine the server's fully qualified domain name, using fe80::6a4d:16c7:3903:6cf4. Set the 'ServerName' directive globally to suppress this message
[Fri Mar 14 00:59:52.052182 2025] [mpm_winnt:notice] [pid 38488:tid 976] AH00455: Apache/2.4.43 (Win32) mod_fcgid/2.3.9a configured -- resuming normal operations
[Fri Mar 14 00:59:52.053182 2025] [mpm_winnt:notice] [pid 38488:tid 976] AH00456: Server built: Apr 21 2020 13:46:54
[Fri Mar 14 00:59:52.053182 2025] [core:notice] [pid 38488:tid 976] AH00094: Command line: 'C:\\Users\\Default.LAPTOP-10891MC3\\AppData\\Roaming\\Local\\lightning-services\\apache-2.4.43+11\\bin\\win32\\bin\\httpd.exe -d C:/Users/Default.LAPTOP-10891MC3/AppData/Roaming/Local/lightning-services/apache-2.4.43+11/bin/win32 -D FOREGROUND -f C:\\Users\\Default.LAPTOP-10891MC3\\AppData\\Roaming\\Local\\run\\U1LM_8X6Z\\conf\\apache\\apache2.conf'
[Fri Mar 14 00:59:52.291178 2025] [mpm_winnt:notice] [pid 38488:tid 976] AH00418: Parent: Created child process 21920
AH00558: httpd.exe: Could not reliably determine the server's fully qualified domain name, using fe80::6a4d:16c7:3903:6cf4. Set the 'ServerName' directive globally to suppress this message
AH00558: httpd.exe: Could not reliably determine the server's fully qualified domain name, using fe80::6a4d:16c7:3903:6cf4. Set the 'ServerName' directive globally to suppress this message
[Fri Mar 14 00:59:54.958976 2025] [mpm_winnt:notice] [pid 21920:tid 984] AH00354: Child: Starting 64 worker threads.
AH00558: httpd.exe: Could not reliably determine the server's fully qualified domain name, using fe80::6a4d:16c7:3903:6cf4. Set the 'ServerName' directive globally to suppress this message
[Tue Mar 25 22:55:07.738535 2025] [core:warn] [pid 44192:tid 1080] AH00098: pid file C:/Users/Default.LAPTOP-10891MC3/AppData/Roaming/Local/run/U1LM_8X6Z/apache/logs/httpd.pid overwritten -- Unclean shutdown of previous Apache run?
[Tue Mar 25 22:55:07.748109 2025] [mpm_winnt:notice] [pid 44192:tid 1080] AH00455: Apache/2.4.43 (Win32) mod_fcgid/2.3.9a configured -- resuming normal operations
[Tue Mar 25 22:55:07.748109 2025] [mpm_winnt:notice] [pid 44192:tid 1080] AH00456: Server built: Apr 21 2020 13:46:54
[Tue Mar 25 22:55:07.748109 2025] [core:notice] [pid 44192:tid 1080] AH00094: Command line: 'C:\\Users\\Default.LAPTOP-10891MC3\\AppData\\Roaming\\Local\\lightning-services\\apache-2.4.43+11\\bin\\win32\\bin\\httpd.exe -d C:/Users/Default.LAPTOP-10891MC3/AppData/Roaming/Local/lightning-services/apache-2.4.43+11/bin/win32 -D FOREGROUND -f C:\\Users\\Default.LAPTOP-10891MC3\\AppData\\Roaming\\Local\\run\\U1LM_8X6Z\\conf\\apache\\apache2.conf'
[Tue Mar 25 22:55:07.762136 2025] [mpm_winnt:notice] [pid 44192:tid 1080] AH00418: Parent: Created child process 6376
AH00558: httpd.exe: Could not reliably determine the server's fully qualified domain name, using fe80::6a4d:16c7:3903:6cf4. Set the 'ServerName' directive globally to suppress this message
AH00558: httpd.exe: Could not reliably determine the server's fully qualified domain name, using fe80::6a4d:16c7:3903:6cf4. Set the 'ServerName' directive globally to suppress this message
[Tue Mar 25 22:55:09.384852 2025] [mpm_winnt:notice] [pid 6376:tid 1008] AH00354: Child: Starting 64 worker threads.
[Tue Mar 25 23:24:35.426814 2025] [mpm_winnt:notice] [pid 44192:tid 1080] AH00428: Parent: child process 6376 exited with status 1 -- Restarting.
AH00558: httpd.exe: Could not reliably determine the server's fully qualified domain name, using fe80::6a4d:16c7:3903:6cf4. Set the 'ServerName' directive globally to suppress this message
[Tue Mar 25 23:26:42.544193 2025] [core:warn] [pid 1744:tid 984] AH00098: pid file C:/Users/Default.LAPTOP-10891MC3/AppData/Roaming/Local/run/U1LM_8X6Z/apache/logs/httpd.pid overwritten -- Unclean shutdown of previous Apache run?
[Tue Mar 25 23:26:42.551218 2025] [mpm_winnt:notice] [pid 1744:tid 984] AH00455: Apache/2.4.43 (Win32) mod_fcgid/2.3.9a configured -- resuming normal operations
[Tue Mar 25 23:26:42.551218 2025] [mpm_winnt:notice] [pid 1744:tid 984] AH00456: Server built: Apr 21 2020 13:46:54
[Tue Mar 25 23:26:42.551218 2025] [core:notice] [pid 1744:tid 984] AH00094: Command line: 'C:\\Users\\Default.LAPTOP-10891MC3\\AppData\\Roaming\\Local\\lightning-services\\apache-2.4.43+11\\bin\\win32\\bin\\httpd.exe -d C:/Users/Default.LAPTOP-10891MC3/AppData/Roaming/Local/lightning-services/apache-2.4.43+11/bin/win32 -D FOREGROUND -f C:\\Users\\Default.LAPTOP-10891MC3\\AppData\\Roaming\\Local\\run\\U1LM_8X6Z\\conf\\apache\\apache2.conf'
[Tue Mar 25 23:26:42.560727 2025] [mpm_winnt:notice] [pid 1744:tid 984] AH00418: Parent: Created child process 28504
AH00558: httpd.exe: Could not reliably determine the server's fully qualified domain name, using fe80::6a4d:16c7:3903:6cf4. Set the 'ServerName' directive globally to suppress this message
AH00558: httpd.exe: Could not reliably determine the server's fully qualified domain name, using fe80::6a4d:16c7:3903:6cf4. Set the 'ServerName' directive globally to suppress this message
[Tue Mar 25 23:26:44.307780 2025] [mpm_winnt:notice] [pid 28504:tid 1012] AH00354: Child: Starting 64 worker threads.
AH00558: httpd.exe: Could not reliably determine the server's fully qualified domain name, using fe80::3df4:1179:7d4:ccc. Set the 'ServerName' directive globally to suppress this message
[Tue Mar 25 23:37:35.597789 2025] [core:warn] [pid 18416:tid 736] AH00098: pid file C:/Users/Mark Lesesy/AppData/Roaming/Local/run/cDgbLMX7b/apache/logs/httpd.pid overwritten -- Unclean shutdown of previous Apache run?
[Tue Mar 25 23:37:35.603349 2025] [mpm_winnt:notice] [pid 18416:tid 736] AH00455: Apache/2.4.43 (Win32) mod_fcgid/2.3.9a configured -- resuming normal operations
[Tue Mar 25 23:37:35.603349 2025] [mpm_winnt:notice] [pid 18416:tid 736] AH00456: Server built: Apr 21 2020 13:46:54
[Tue Mar 25 23:37:35.603349 2025] [core:notice] [pid 18416:tid 736] AH00094: Command line: 'C:\\Users\\Mark Lesesy\\AppData\\Roaming\\Local\\lightning-services\\apache-2.4.43+11\\bin\\win32\\bin\\httpd.exe -d C:/Users/Mark Lesesy/AppData/Roaming/Local/lightning-services/apache-2.4.43+11/bin/win32 -D FOREGROUND -f C:\\Users\\Mark Lesesy\\AppData\\Roaming\\Local\\run\\cDgbLMX7b\\conf\\apache\\apache2.conf'
[Tue Mar 25 23:37:35.754409 2025] [mpm_winnt:notice] [pid 18416:tid 736] AH00418: Parent: Created child process 13176
AH00558: httpd.exe: Could not reliably determine the server's fully qualified domain name, using fe80::3df4:1179:7d4:ccc. Set the 'ServerName' directive globally to suppress this message
AH00558: httpd.exe: Could not reliably determine the server's fully qualified domain name, using fe80::3df4:1179:7d4:ccc. Set the 'ServerName' directive globally to suppress this message
[Tue Mar 25 23:37:36.592188 2025] [mpm_winnt:notice] [pid 13176:tid 860] AH00354: Child: Starting 64 worker threads.
AH00558: httpd.exe: Could not reliably determine the server's fully qualified domain name, using fe80::3df4:1179:7d4:ccc. Set the 'ServerName' directive globally to suppress this message
[Wed Mar 26 01:05:54.030730 2025] [core:warn] [pid 82668:tid 748] AH00098: pid file C:/Users/Mark Lesesy/AppData/Roaming/Local/run/cDgbLMX7b/apache/logs/httpd.pid overwritten -- Unclean shutdown of previous Apache run?
[Wed Mar 26 01:05:54.038722 2025] [mpm_winnt:notice] [pid 82668:tid 748] AH00455: Apache/2.4.43 (Win32) mod_fcgid/2.3.9a configured -- resuming normal operations
[Wed Mar 26 01:05:54.038722 2025] [mpm_winnt:notice] [pid 82668:tid 748] AH00456: Server built: Apr 21 2020 13:46:54
[Wed Mar 26 01:05:54.038722 2025] [core:notice] [pid 82668:tid 748] AH00094: Command line: 'C:\\Users\\Mark Lesesy\\AppData\\Roaming\\Local\\lightning-services\\apache-2.4.43+11\\bin\\win32\\bin\\httpd.exe -d C:/Users/Mark Lesesy/AppData/Roaming/Local/lightning-services/apache-2.4.43+11/bin/win32 -D FOREGROUND -f C:\\Users\\Mark Lesesy\\AppData\\Roaming\\Local\\run\\cDgbLMX7b\\conf\\apache\\apache2.conf'
[Wed Mar 26 01:05:54.206847 2025] [mpm_winnt:notice] [pid 82668:tid 748] AH00418: Parent: Created child process 81388
AH00558: httpd.exe: Could not reliably determine the server's fully qualified domain name, using fe80::3df4:1179:7d4:ccc. Set the 'ServerName' directive globally to suppress this message
AH00558: httpd.exe: Could not reliably determine the server's fully qualified domain name, using fe80::3df4:1179:7d4:ccc. Set the 'ServerName' directive globally to suppress this message
[Wed Mar 26 01:05:55.338362 2025] [mpm_winnt:notice] [pid 81388:tid 928] AH00354: Child: Starting 64 worker threads.
AH00558: httpd.exe: Could not reliably determine the server's fully qualified domain name, using fe80::3df4:1179:7d4:ccc. Set the 'ServerName' directive globally to suppress this message
[Wed Mar 26 02:10:34.398704 2025] [core:warn] [pid 37732:tid 616] AH00098: pid file C:/Users/Mark Lesesy/AppData/Roaming/Local/run/cDgbLMX7b/apache/logs/httpd.pid overwritten -- Unclean shutdown of previous Apache run?
[Wed Mar 26 02:10:34.408742 2025] [mpm_winnt:notice] [pid 37732:tid 616] AH00455: Apache/2.4.43 (Win32) mod_fcgid/2.3.9a configured -- resuming normal operations
[Wed Mar 26 02:10:34.408742 2025] [mpm_winnt:notice] [pid 37732:tid 616] AH00456: Server built: Apr 21 2020 13:46:54
[Wed Mar 26 02:10:34.408742 2025] [core:notice] [pid 37732:tid 616] AH00094: Command line: 'C:\\Users\\Mark Lesesy\\AppData\\Roaming\\Local\\lightning-services\\apache-2.4.43+11\\bin\\win32\\bin\\httpd.exe -d C:/Users/Mark Lesesy/AppData/Roaming/Local/lightning-services/apache-2.4.43+11/bin/win32 -D FOREGROUND -f C:\\Users\\Mark Lesesy\\AppData\\Roaming\\Local\\run\\cDgbLMX7b\\conf\\apache\\apache2.conf'
[Wed Mar 26 02:10:34.555331 2025] [mpm_winnt:notice] [pid 37732:tid 616] AH00418: Parent: Created child process 16920
AH00558: httpd.exe: Could not reliably determine the server's fully qualified domain name, using fe80::3df4:1179:7d4:ccc. Set the 'ServerName' directive globally to suppress this message
AH00558: httpd.exe: Could not reliably determine the server's fully qualified domain name, using fe80::3df4:1179:7d4:ccc. Set the 'ServerName' directive globally to suppress this message
[Wed Mar 26 02:10:35.250736 2025] [mpm_winnt:notice] [pid 16920:tid 860] AH00354: Child: Starting 64 worker threads.
[Wed Mar 26 03:13:54.193924 2025] [mpm_event:notice] [pid 59654:tid 8268198464] AH00489: Apache/2.4.43 (Unix) configured -- resuming normal operations
[Wed Mar 26 03:13:54.194583 2025] [core:notice] [pid 59654:tid 8268198464] AH00094: Command line: '/Users/sajdah/Library/Application Support/Local/lightning-services/apache-2.4.43+11/bin/darwin-arm64/bin/httpd -D FOREGROUND -f /Users/sajdah/Library/Application Support/Local/run/s-DQ4RfHh/conf/apache/apache2.conf'
[Wed Mar 26 03:32:37.221094 2025] [mpm_event:notice] [pid 59654:tid 8268198464] AH00491: caught SIGTERM, shutting down
[Wed Mar 26 03:32:39.486644 2025] [mpm_event:notice] [pid 60221:tid 8268198464] AH00489: Apache/2.4.43 (Unix) configured -- resuming normal operations
[Wed Mar 26 03:32:39.486981 2025] [core:notice] [pid 60221:tid 8268198464] AH00094: Command line: '/Users/sajdah/Library/Application Support/Local/lightning-services/apache-2.4.43+11/bin/darwin-arm64/bin/httpd -D FOREGROUND -f /Users/sajdah/Library/Application Support/Local/run/s-DQ4RfHh/conf/apache/apache2.conf'
[Wed Mar 26 03:38:36.119634 2025] [mpm_event:notice] [pid 60221:tid 8268198464] AH00491: caught SIGTERM, shutting down
[Wed Mar 26 03:39:18.723595 2025] [mpm_event:notice] [pid 60385:tid 8268198464] AH00489: Apache/2.4.43 (Unix) configured -- resuming normal operations
[Wed Mar 26 03:39:18.724126 2025] [core:notice] [pid 60385:tid 8268198464] AH00094: Command line: '/Users/sajdah/Library/Application Support/Local/lightning-services/apache-2.4.43+11/bin/darwin-arm64/bin/httpd -D FOREGROUND -f /Users/sajdah/Library/Application Support/Local/run/s-DQ4RfHh/conf/apache/apache2.conf'
[Wed Mar 26 03:46:02.769437 2025] [mpm_event:notice] [pid 60385:tid 8268198464] AH00491: caught SIGTERM, shutting down
